mode: set
identity/main.go:43.60,45.16 2 0
identity/main.go:45.16,47.3 1 0
identity/main.go:49.2,49.20 1 0
identity/main.go:52.71,54.24 2 0
identity/main.go:54.24,56.3 1 0
identity/main.go:58.2,58.19 1 0
identity/main.go:61.53,62.40 1 0
identity/main.go:62.40,64.3 1 0
identity/main.go:66.2,66.20 1 0
identity/main.go:69.83,71.16 2 0
identity/main.go:71.16,73.3 1 0
identity/main.go:75.2,76.16 2 0
identity/main.go:76.16,78.3 1 0
identity/main.go:80.2,80.42 1 0
identity/main.go:83.30,85.16 2 0
identity/main.go:85.16,87.3 1 0
identity/main.go:89.2,92.16 3 0
identity/main.go:92.16,94.3 1 0
identity/main.go:96.2,97.16 2 0
identity/main.go:97.16,99.3 1 0
identity/main.go:101.2,111.22 4 0
identity/main.go:111.22,113.3 1 0
identity/main.go:115.2,121.16 3 0
identity/main.go:121.16,123.3 1 0
identity/main.go:125.2,125.12 1 0
identity/main.go:128.13,135.43 1 0
identity/main.go:135.43,137.4 1 0
identity/main.go:139.2,139.16 1 0
identity/main.go:139.16,141.3 1 0
identity/app/lookup.go:15.79,16.44 1 0
identity/app/lookup.go:16.44,18.3 1 0
identity/app/lookup.go:20.2,20.42 1 0
identity/app/lookup.go:20.42,21.45 1 0
identity/app/lookup.go:21.45,23.4 1 0
identity/app/lookup.go:26.2,26.50 1 0
identity/app/lookup.go:30.92,31.42 1 0
identity/app/lookup.go:31.42,32.54 1 0
identity/app/lookup.go:32.54,34.4 1 0
identity/app/lookup.go:37.2,37.50 1 0
identity/app/lookup.go:41.88,42.42 1 0
identity/app/lookup.go:42.42,43.54 1 0
identity/app/lookup.go:43.54,45.4 1 0
identity/app/lookup.go:48.2,48.50 1 0
identity/app/lookup.go:52.106,53.57 1 0
identity/app/lookup.go:53.57,54.60 1 0
identity/app/lookup.go:54.60,56.4 1 0
identity/app/lookup.go:59.2,59.56 1 0
identity/app/lookup.go:63.101,64.42 1 0
identity/app/lookup.go:64.42,65.54 1 0
identity/app/lookup.go:65.54,67.4 1 0
identity/app/lookup.go:70.2,70.57 1 0
identity/app/lookup.go:70.57,71.60 1 0
identity/app/lookup.go:71.60,73.4 1 0
identity/app/lookup.go:76.2,76.38 1 0
identity/app/lookup.go:80.82,81.37 1 0
identity/app/lookup.go:81.37,82.41 1 0
identity/app/lookup.go:82.41,84.4 1 0
identity/app/lookup.go:87.2,87.37 1 0
identity/app/lookup.go:91.93,92.38 1 0
identity/app/lookup.go:92.38,98.37 5 0
identity/app/lookup.go:98.37,100.4 1 0
identity/app/lookup.go:103.2,103.52 1 0
identity/app/lookup.go:107.77,108.38 1 0
identity/app/lookup.go:108.38,109.36 1 0
identity/app/lookup.go:109.36,111.4 1 0
identity/app/lookup.go:114.2,114.29 1 0
identity/app/lookup.go:118.70,119.109 1 0
identity/app/lookup.go:119.109,121.3 1 0
identity/app/lookup.go:123.2,123.12 1 0
identity/app/token.go:41.84,77.69 12 0
identity/app/token.go:77.69,80.3 2 0
identity/app/token.go:82.2,82.99 1 0
identity/app/token.go:82.99,88.3 2 0
identity/app/token.go:90.2,90.23 1 0
identity/app/token.go:90.23,93.3 2 0
identity/app/token.go:95.2,95.17 1 0
identity/app/token.go:104.10,116.2 2 0
identity/app/token.go:123.17,138.25 2 0
identity/app/token.go:138.25,142.3 3 0
identity/app/token.go:144.2,144.23 1 0
identity/app/token.go:144.23,150.71 5 0
identity/app/token.go:150.71,152.4 1 0
identity/app/token.go:152.9,154.4 1 0
identity/app/token.go:157.2,157.32 1 0
identity/app/token.go:157.32,159.3 1 0
identity/app/token.go:161.2,161.15 1 0
identity/app/token.go:164.100,180.26 2 0
identity/app/token.go:180.26,182.3 1 0
identity/app/token.go:184.2,184.15 1 0
identity/app/token.go:187.105,199.2 1 0
identity/app/token.go:201.53,202.23 1 0
identity/app/token.go:202.23,204.3 1 0
identity/app/token.go:206.2,206.27 1 0
identity/app/token.go:209.50,210.25 1 0
identity/app/token.go:210.25,212.3 1 0
identity/app/token.go:214.2,214.20 1 0
identity/app/token.go:217.69,218.17 1 0
identity/app/token.go:218.17,220.3 1 0
identity/app/token.go:222.2,222.41 1 0
identity/app/token.go:225.76,228.16 2 0
identity/app/token.go:228.16,230.3 1 0
identity/app/token.go:232.2,232.46 1 0
identity/app/token.go:235.84,239.65 3 0
identity/app/token.go:239.65,240.29 1 0
identity/app/token.go:240.29,241.12 1 0
identity/app/token.go:244.3,244.74 1 0
identity/app/token.go:247.2,247.37 1 0
identity/app/token.go:255.3,256.57 1 0
identity/app/token.go:256.57,262.43 3 0
identity/app/token.go:262.43,265.4 2 0
identity/app/token.go:267.3,267.112 1 0
identity/app/token.go:276.3,277.47 1 0
identity/app/token.go:277.47,278.43 1 0
identity/app/token.go:278.43,281.87 2 0
identity/app/token.go:281.87,284.5 2 0
identity/app/token.go:295.12,302.29 5 0
identity/app/token.go:302.29,304.3 1 0
identity/app/token.go:306.2,306.14 1 0
identity/app/token.go:314.3,315.19 1 0
identity/app/token.go:315.19,317.3 1 0
identity/app/token.go:319.2,321.59 2 0
identity/app/token.go:321.59,323.3 1 0
identity/app/token.go:332.3,333.65 1 0
identity/app/token.go:333.65,335.3 1 0
identity/app/token.go:337.2,338.62 2 0
identity/app/token.go:338.62,340.3 1 0
identity/app/token.go:342.2,342.47 1 0
identity/app/token.go:342.47,344.3 1 0
identity/app/token.go:347.59,350.17 2 0
identity/app/token.go:350.17,352.3 1 0
identity/app/token.go:354.2,354.42 1 0
identity/app/token.go:354.42,356.3 1 0
identity/app/token.go:358.2,358.15 1 0
identity/app/token.go:366.3,367.57 1 0
identity/app/token.go:367.57,368.54 1 0
identity/app/token.go:368.54,369.12 1 0
identity/app/token.go:372.3,372.62 1 0
identity/app/token.go:376.114,377.47 1 0
identity/app/token.go:377.47,378.49 1 0
identity/app/token.go:378.49,380.4 1 0
identity/app/token.go:384.75,385.49 1 0
identity/app/token.go:385.49,386.90 1 0
identity/app/token.go:386.90,388.4 1 0
identity/app/token.go:391.2,391.14 1 0
identity/app/token.go:394.78,395.35 1 0
identity/app/token.go:395.35,396.76 1 0
identity/app/token.go:396.76,398.4 1 0
identity/app/token.go:401.2,401.14 1 0
identity/app/token.go:404.76,406.2 1 0
identity/app/token.go:408.37,409.15 1 0
identity/app/token.go:410.54,411.14 1 0
identity/app/token.go:412.10,413.15 1 0
identity/app/token.go:418.91,420.2 1 0
identity/app/token.go:429.12,431.2 1 0
identity/app/util.go:30.45,35.2 1 0
identity/app/util.go:38.54,42.16 3 0
identity/app/util.go:42.16,43.57 1 0
identity/app/util.go:46.2,46.30 1 0
identity/app/util.go:50.67,55.16 4 0
identity/app/util.go:55.16,56.46 1 0
identity/app/util.go:59.2,59.15 1 0
identity/app/util.go:63.87,64.72 1 0
identity/app/util.go:64.72,66.3 1 0
identity/app/util.go:67.2,67.33 1 0
identity/app/util.go:67.33,69.3 1 0
identity/app/util.go:71.2,72.9 2 0
identity/app/util.go:72.9,74.3 1 0
identity/app/util.go:76.2,76.20 1 0
identity/app/util.go:79.42,81.2 1 0
identity/domain/config.go:12.50,13.30 1 1
identity/domain/config.go:13.30,15.3 1 0
identity/domain/config.go:17.2,17.38 1 1
identity/domain/config.go:21.41,21.66 1 1
identity/domain/config.go:41.19,42.39 1 1
identity/domain/config.go:42.39,44.3 1 0
identity/domain/config.go:46.2,46.28 1 1
identity/domain/config.go:46.28,48.3 1 0
identity/domain/config.go:50.2,57.8 1 1
identity/domain/config.go:61.42,61.68 1 0
identity/domain/config.go:64.40,64.62 1 1
identity/domain/config.go:67.59,67.93 1 0
identity/domain/config.go:70.39,70.63 1 0
identity/domain/config.go:73.37,73.60 1 0
identity/domain/config.go:76.41,76.66 1 0
identity/domain/config.go:96.19,105.2 1 1
identity/domain/config.go:108.55,108.86 1 0
identity/domain/config.go:111.60,111.95 1 0
identity/domain/config.go:114.70,116.2 1 0
identity/domain/config.go:119.69,121.2 1 0
identity/domain/config.go:124.57,124.90 1 0
identity/domain/config.go:127.58,127.93 1 0
identity/domain/config.go:137.81,139.2 1 1
identity/domain/config.go:142.33,142.52 1 1
identity/domain/config.go:145.39,145.61 1 0
identity/domain/config.go:148.51,148.79 1 1
identity/domain/config.go:159.92,161.2 1 1
identity/domain/config.go:164.30,164.48 1 1
identity/domain/config.go:167.36,167.57 1 0
identity/domain/config.go:170.48,170.75 1 1
identity/domain/config.go:173.35,173.57 1 0
identity/domain/config.go:182.49,184.2 1 1
identity/domain/config.go:187.33,187.52 1 1
identity/domain/config.go:190.37,190.58 1 1
identity/domain/config.go:211.8,220.2 1 1
identity/domain/config.go:223.30,223.48 1 0
identity/domain/config.go:226.38,226.62 1 0
identity/domain/config.go:229.38,229.62 1 0
identity/domain/config.go:232.44,232.71 1 0
identity/domain/config.go:235.32,235.53 1 0
identity/domain/config.go:238.39,238.61 1 0
identity/domain/config.go:256.10,264.2 1 1
identity/domain/config.go:267.37,267.59 1 0
identity/domain/config.go:270.42,270.68 1 0
identity/domain/config.go:273.50,273.80 1 0
identity/domain/config.go:276.51,276.81 1 0
identity/domain/config.go:279.67,281.2 1 1
identity/domain/config.go:291.113,297.2 1 1
identity/domain/config.go:300.70,302.2 1 1
identity/domain/config.go:305.68,305.104 1 0
identity/domain/config.go:308.73,310.2 1 0
identity/domain/error.go:46.54,48.2 1 1
identity/domain/error.go:51.42,53.2 1 1
identity/domain/loader.go:79.64,81.16 2 1
identity/domain/loader.go:81.16,83.3 1 1
identity/domain/loader.go:85.2,86.16 2 1
identity/domain/loader.go:86.16,88.3 1 0
identity/domain/loader.go:90.2,93.16 3 1
identity/domain/loader.go:93.16,95.3 1 0
identity/domain/loader.go:97.2,97.25 1 1
identity/domain/loader.go:100.61,104.16 3 1
identity/domain/loader.go:104.16,106.3 1 0
identity/domain/loader.go:108.2,109.16 2 1
identity/domain/loader.go:109.16,111.3 1 0
identity/domain/loader.go:113.2,117.16 2 1
identity/domain/loader.go:117.16,119.3 1 0
identity/domain/loader.go:121.2,121.21 1 1
identity/domain/loader.go:121.21,123.40 2 1
identity/domain/loader.go:123.40,125.4 1 1
identity/domain/loader.go:127.3,127.78 1 1
identity/domain/loader.go:130.2,130.12 1 1
identity/domain/loader.go:133.49,136.40 2 1
identity/domain/loader.go:136.40,138.17 2 1
identity/domain/loader.go:138.17,140.4 1 0
identity/domain/loader.go:142.3,142.36 1 1
identity/domain/loader.go:145.2,145.27 1 1
identity/domain/loader.go:148.49,150.16 2 1
identity/domain/loader.go:150.16,152.3 1 0
identity/domain/loader.go:154.2,155.16 2 1
identity/domain/loader.go:155.16,157.3 1 0
identity/domain/loader.go:159.2,160.16 2 1
identity/domain/loader.go:160.16,162.3 1 0
identity/domain/loader.go:164.2,165.16 2 1
identity/domain/loader.go:165.16,167.3 1 0
identity/domain/loader.go:169.2,170.16 2 1
identity/domain/loader.go:170.16,172.3 1 0
identity/domain/loader.go:174.2,175.16 2 1
identity/domain/loader.go:175.16,177.3 1 0
identity/domain/loader.go:179.2,179.76 1 1
identity/domain/loader.go:182.82,185.27 2 1
identity/domain/loader.go:185.27,187.17 2 1
identity/domain/loader.go:187.17,189.4 1 0
identity/domain/loader.go:191.3,191.43 1 1
identity/domain/loader.go:194.2,194.20 1 1
identity/domain/loader.go:197.76,199.16 2 1
identity/domain/loader.go:199.16,201.3 1 0
identity/domain/loader.go:203.2,204.16 2 1
identity/domain/loader.go:204.16,206.3 1 0
identity/domain/loader.go:208.2,209.16 2 1
identity/domain/loader.go:209.16,211.3 1 0
identity/domain/loader.go:213.2,214.16 2 1
identity/domain/loader.go:214.16,216.3 1 0
identity/domain/loader.go:218.2,219.16 2 1
identity/domain/loader.go:219.16,221.3 1 0
identity/domain/loader.go:223.2,224.16 2 1
identity/domain/loader.go:224.16,226.3 1 0
identity/domain/loader.go:228.2,228.92 1 1
identity/domain/loader.go:231.62,234.27 2 1
identity/domain/loader.go:234.27,236.17 2 1
identity/domain/loader.go:236.17,238.4 1 1
identity/domain/loader.go:240.3,240.39 1 1
identity/domain/loader.go:243.2,243.20 1 1
identity/domain/loader.go:246.52,249.27 2 1
identity/domain/loader.go:249.27,251.17 2 1
identity/domain/loader.go:251.17,253.4 1 0
identity/domain/loader.go:255.3,255.33 1 1
identity/domain/loader.go:258.2,258.20 1 1
identity/domain/loader.go:261.46,263.16 2 1
identity/domain/loader.go:263.16,265.3 1 0
identity/domain/loader.go:267.2,268.16 2 1
identity/domain/loader.go:268.16,270.3 1 0
identity/domain/loader.go:272.2,273.16 2 1
identity/domain/loader.go:273.16,275.3 1 0
identity/domain/loader.go:277.2,277.51 1 1
identity/domain/loader.go:280.49,283.27 2 1
identity/domain/loader.go:283.27,285.17 2 0
identity/domain/loader.go:285.17,287.4 1 0
identity/domain/loader.go:289.3,289.32 1 0
identity/domain/loader.go:292.2,292.20 1 1
identity/domain/loader.go:295.43,297.16 2 1
identity/domain/loader.go:297.16,299.3 1 0
identity/domain/loader.go:301.2,302.16 2 1
identity/domain/loader.go:302.16,304.3 1 0
identity/domain/loader.go:306.2,307.16 2 1
identity/domain/loader.go:307.16,309.3 1 0
identity/domain/loader.go:311.2,312.16 2 1
identity/domain/loader.go:312.16,314.3 1 0
identity/domain/loader.go:316.2,316.57 1 1
identity/domain/loader.go:319.52,322.27 2 1
identity/domain/loader.go:322.27,324.17 2 0
identity/domain/loader.go:324.17,326.4 1 0
identity/domain/loader.go:328.3,329.17 2 0
identity/domain/loader.go:329.17,331.4 1 0
identity/domain/loader.go:333.3,333.51 1 0
identity/domain/loader.go:336.2,336.20 1 1
identity/domain/loader.go:339.49,342.27 2 1
identity/domain/loader.go:342.27,344.17 2 1
identity/domain/loader.go:344.17,346.4 1 0
identity/domain/loader.go:348.3,348.32 1 1
identity/domain/loader.go:351.2,351.20 1 1
identity/domain/loader.go:354.43,356.16 2 1
identity/domain/loader.go:356.16,358.3 1 0
identity/domain/loader.go:360.2,361.16 2 1
identity/domain/loader.go:361.16,363.3 1 0
identity/domain/loader.go:365.2,366.16 2 1
identity/domain/loader.go:366.16,368.3 1 0
identity/domain/loader.go:370.2,371.16 2 1
identity/domain/loader.go:371.16,373.3 1 0
identity/domain/loader.go:375.2,376.16 2 1
identity/domain/loader.go:376.16,378.3 1 0
identity/domain/loader.go:380.2,381.16 2 1
identity/domain/loader.go:381.16,383.3 1 0
identity/domain/loader.go:385.2,385.77 1 1
identity/domain/loader.go:388.80,391.38 2 1
identity/domain/loader.go:391.38,393.17 2 1
identity/domain/loader.go:393.17,395.4 1 1
identity/domain/loader.go:397.3,397.32 1 0
identity/domain/loader.go:400.2,400.20 1 1
identity/domain/loader.go:403.55,406.27 2 1
identity/domain/loader.go:406.27,408.17 2 0
identity/domain/loader.go:408.17,410.4 1 0
identity/domain/loader.go:412.3,412.34 1 0
identity/domain/loader.go:415.2,415.20 1 1
identity/domain/loader.go:418.49,420.16 2 1
identity/domain/loader.go:420.16,422.3 1 0
identity/domain/loader.go:424.2,425.16 2 1
identity/domain/loader.go:425.16,427.3 1 0
identity/domain/loader.go:429.2,430.16 2 1
identity/domain/loader.go:430.16,432.3 1 0
identity/domain/loader.go:434.2,435.16 2 1
identity/domain/loader.go:435.16,437.3 1 0
identity/domain/loader.go:439.2,439.101 1 1
identity/domain/loader.go:442.94,445.27 2 1
identity/domain/loader.go:445.27,447.17 2 1
identity/domain/loader.go:447.17,449.4 1 0
identity/domain/loader.go:451.3,451.38 1 1
identity/domain/loader.go:454.2,454.20 1 1
identity/domain/loader.go:457.88,459.16 2 1
identity/domain/loader.go:459.16,461.3 1 0
identity/domain/loader.go:463.2,464.16 2 1
identity/domain/loader.go:464.16,468.3 1 0
identity/domain/loader.go:470.2,472.38 2 1
identity/domain/loader.go:472.38,474.17 2 1
identity/domain/loader.go:474.17,476.4 1 0
identity/domain/loader.go:478.3,478.30 1 1
identity/domain/loader.go:481.2,481.79 1 1
identity/domain/non_empty_string.go:12.60,13.24 1 1
identity/domain/non_empty_string.go:13.24,15.3 1 1
identity/domain/non_empty_string.go:17.2,17.40 1 1
identity/domain/non_empty_string.go:21.52,23.16 2 1
identity/domain/non_empty_string.go:23.16,24.13 1 1
identity/domain/non_empty_string.go:27.2,27.10 1 1
identity/domain/non_empty_string.go:31.41,31.59 1 1
identity/domain/types.go:15.48,17.16 2 1
identity/domain/types.go:17.16,19.3 1 0
identity/domain/types.go:21.2,21.37 1 1
identity/domain/types.go:25.40,27.16 2 0
identity/domain/types.go:27.16,28.13 1 0
identity/domain/types.go:31.2,31.17 1 0
identity/domain/types.go:35.49,37.2 1 1
identity/domain/types.go:40.43,40.68 1 1
identity/domain/types.go:43.42,43.76 1 1
identity/domain/types.go:51.48,53.16 2 1
identity/domain/types.go:53.16,55.3 1 0
identity/domain/types.go:57.2,57.37 1 1
identity/domain/types.go:61.40,63.16 2 0
identity/domain/types.go:63.16,64.13 1 0
identity/domain/types.go:67.2,67.17 1 0
identity/domain/types.go:71.49,73.2 1 1
identity/domain/types.go:76.43,76.68 1 1
identity/domain/types.go:79.42,79.76 1 1
identity/domain/types.go:87.44,89.16 2 1
identity/domain/types.go:89.16,91.3 1 0
identity/domain/types.go:93.2,93.35 1 1
identity/domain/types.go:97.36,99.16 2 0
identity/domain/types.go:99.16,100.13 1 0
identity/domain/types.go:103.2,103.15 1 0
identity/domain/types.go:107.45,109.2 1 1
identity/domain/types.go:112.39,112.62 1 1
identity/domain/types.go:115.38,115.70 1 1
identity/domain/types.go:123.46,125.16 2 1
identity/domain/types.go:125.16,127.3 1 1
identity/domain/types.go:129.2,129.36 1 1
identity/domain/types.go:133.38,135.16 2 1
identity/domain/types.go:135.16,136.13 1 0
identity/domain/types.go:139.2,139.16 1 1
identity/domain/types.go:143.47,145.2 1 1
identity/domain/types.go:148.41,148.65 1 1
identity/domain/types.go:151.40,151.73 1 1
identity/domain/types.go:159.46,161.16 2 1
identity/domain/types.go:161.16,163.3 1 0
identity/domain/types.go:165.2,165.36 1 1
identity/domain/types.go:169.38,171.16 2 1
identity/domain/types.go:171.16,172.13 1 0
identity/domain/types.go:175.2,175.16 1 1
identity/domain/types.go:179.47,181.2 1 1
identity/domain/types.go:184.41,184.65 1 1
identity/domain/types.go:187.40,187.73 1 1
identity/domain/types.go:195.44,197.16 2 1
identity/domain/types.go:197.16,199.3 1 0
identity/domain/types.go:201.2,201.35 1 1
identity/domain/types.go:205.36,207.16 2 1
identity/domain/types.go:207.16,208.13 1 0
identity/domain/types.go:211.2,211.15 1 1
identity/domain/types.go:215.45,217.2 1 1
identity/domain/types.go:220.39,220.62 1 1
identity/domain/types.go:223.38,223.70 1 1
identity/domain/types.go:231.52,233.16 2 1
identity/domain/types.go:233.16,235.3 1 1
identity/domain/types.go:237.2,237.34 1 1
identity/domain/types.go:241.44,243.16 2 0
identity/domain/types.go:243.16,244.13 1 0
identity/domain/types.go:247.2,247.13 1 0
identity/domain/types.go:251.46,251.82 1 1
identity/domain/types.go:259.46,261.16 2 1
identity/domain/types.go:261.16,263.3 1 1
identity/domain/types.go:265.2,265.31 1 1
identity/domain/types.go:269.38,271.16 2 0
identity/domain/types.go:271.16,272.13 1 0
identity/domain/types.go:275.2,275.13 1 0
identity/domain/types.go:279.40,279.73 1 0
identity/domain/types.go:287.58,289.16 2 1
identity/domain/types.go:289.16,291.3 1 1
identity/domain/types.go:293.2,293.37 1 1
identity/domain/types.go:297.52,297.91 1 0
identity/domain/types.go:305.52,307.16 2 1
identity/domain/types.go:307.16,309.3 1 1
identity/domain/types.go:311.2,311.34 1 1
identity/domain/types.go:315.46,315.82 1 0
identity/domain/types.go:323.50,325.16 2 1
identity/domain/types.go:325.16,327.3 1 1
identity/domain/types.go:329.2,329.33 1 1
identity/domain/types.go:333.44,333.79 1 0
identity/domain/types.go:341.50,343.16 2 1
identity/domain/types.go:343.16,345.3 1 1
identity/domain/types.go:347.2,347.33 1 1
identity/domain/types.go:351.44,351.79 1 1
identity/domain/types.go:359.48,361.16 2 1
identity/domain/types.go:361.16,363.3 1 1
identity/domain/types.go:365.2,365.32 1 1
identity/domain/types.go:369.40,371.16 2 0
identity/domain/types.go:371.16,372.13 1 0
identity/domain/types.go:375.2,375.17 1 0
identity/domain/types.go:379.42,379.76 1 0
identity/domain/types.go:387.48,389.16 2 1
identity/domain/types.go:389.16,391.3 1 1
identity/domain/types.go:393.2,393.32 1 1
identity/domain/types.go:397.40,399.16 2 0
identity/domain/types.go:399.16,400.13 1 0
identity/domain/types.go:403.2,403.17 1 0
identity/domain/types.go:407.42,407.76 1 0
identity/domain/types.go:415.54,417.16 2 1
identity/domain/types.go:417.16,419.3 1 1
identity/domain/types.go:421.2,421.35 1 1
identity/domain/types.go:425.46,427.16 2 0
identity/domain/types.go:427.16,428.13 1 0
identity/domain/types.go:431.2,431.20 1 0
identity/domain/types.go:435.48,435.85 1 0
identity/domain/types.go:443.42,445.16 2 1
identity/domain/types.go:445.16,447.3 1 1
identity/domain/types.go:449.2,449.29 1 1
identity/domain/types.go:453.34,455.16 2 0
identity/domain/types.go:455.16,456.13 1 0
identity/domain/types.go:459.2,459.14 1 0
identity/domain/types.go:463.36,463.67 1 0
identity/domain/types.go:471.54,473.16 2 1
identity/domain/types.go:473.16,475.3 1 1
identity/domain/types.go:477.2,477.35 1 1
identity/domain/types.go:481.48,481.85 1 0
identity/domain/types.go:491.47,493.2 1 1
identity/domain/types.go:496.50,496.79 1 0
identity/domain/types.go:499.49,499.84 1 1
identity/domain/types.go:507.64,509.16 2 1
identity/domain/types.go:509.16,511.3 1 1
identity/domain/types.go:513.2,513.40 1 1
identity/domain/types.go:517.58,517.100 1 1
identity/domain/types.go:525.62,527.16 2 1
identity/domain/types.go:527.16,529.3 1 1
identity/domain/types.go:531.2,531.39 1 1
identity/domain/types.go:535.56,535.97 1 1
identity/http/handlers/adapter.go:28.23,32.16 3 0
identity/http/handlers/adapter.go:32.16,33.13 1 0
identity/http/handlers/adapter.go:36.2,44.31 4 0
identity/http/handlers/adapter.go:57.51,59.2 1 0
identity/http/handlers/adapter.go:61.35,63.2 1 0
identity/http/handlers/adapter.go:65.35,67.2 1 0
identity/http/handlers/adapter.go:69.35,71.2 1 0
identity/http/handlers/adapter.go:73.37,75.2 1 0
identity/http/handlers/adapter.go:77.36,82.2 1 0
identity/http/handlers/adapter.go:84.34,89.2 1 0
identity/http/handlers/adapter.go:91.41,96.2 1 0
identity/http/handlers/adapter.go:98.53,103.2 3 0
identity/http/handlers/adapter.go:105.59,106.14 1 0
identity/http/handlers/adapter.go:108.30,109.25 1 0
identity/http/handlers/adapter.go:110.42,111.34 1 0
identity/http/handlers/adapter.go:112.36,113.27 1 0
identity/http/handlers/adapter.go:117.32,118.26 1 0
identity/http/handlers/adapter.go:119.10,120.22 1 0
identity/http/handlers/adapter.go:124.57,125.14 1 0
identity/http/handlers/adapter.go:128.30,129.33 1 0
identity/http/handlers/adapter.go:132.30,133.29 1 0
identity/http/handlers/adapter.go:134.10,135.31 1 0
identity/http/handlers/adapter.go:139.64,146.2 2 0
identity/http/handlers/adapter.go:149.59,150.32 1 0
identity/http/handlers/adapter.go:150.32,152.3 1 0
identity/http/handlers/adapter.go:154.2,154.43 1 0
identity/http/handlers/adapter.go:154.43,156.3 1 0
identity/http/handlers/adapter.go:158.2,159.36 2 0
identity/http/handlers/auth_handler.go:19.77,21.16 2 0
identity/http/handlers/auth_handler.go:21.16,23.3 1 0
identity/http/handlers/auth_handler.go:25.2,29.16 4 0
identity/http/handlers/auth_handler.go:29.16,31.3 1 0
identity/http/handlers/auth_handler.go:33.2,34.16 2 0
identity/http/handlers/auth_handler.go:34.16,36.3 1 0
identity/http/handlers/auth_handler.go:38.2,41.16 3 0
identity/http/handlers/auth_handler.go:41.16,43.3 1 0
identity/http/handlers/auth_handler.go:45.2,46.16 2 0
identity/http/handlers/auth_handler.go:46.16,48.3 1 0
identity/http/handlers/auth_handler.go:50.2,65.16 4 0
identity/http/handlers/auth_handler.go:65.16,67.3 1 0
identity/http/handlers/auth_handler.go:69.2,69.28 1 0
identity/http/handlers/auth_handler.go:79.104,83.16 3 0
identity/http/handlers/auth_handler.go:83.16,85.3 1 0
identity/http/handlers/auth_handler.go:87.2,88.16 2 0
identity/http/handlers/auth_handler.go:88.16,90.3 1 0
identity/http/handlers/auth_handler.go:92.2,95.16 3 0
identity/http/handlers/auth_handler.go:95.16,97.3 1 0
identity/http/handlers/auth_handler.go:99.2,100.16 2 0
identity/http/handlers/auth_handler.go:100.16,102.3 1 0
identity/http/handlers/auth_handler.go:104.2,104.116 1 0
identity/http/handlers/auth_handler.go:107.73,108.39 1 0
identity/http/handlers/auth_handler.go:108.39,110.3 1 0
identity/http/handlers/auth_handler.go:112.2,115.16 3 0
identity/http/handlers/auth_handler.go:115.16,117.3 1 0
identity/http/handlers/auth_handler.go:119.2,120.21 2 0
identity/http/handlers/auth_handler.go:120.21,122.3 1 0
identity/http/handlers/auth_handler.go:124.2,125.19 2 0
identity/http/handlers/auth_handler.go:125.19,127.3 1 0
identity/http/handlers/auth_handler.go:129.2,130.16 2 0
identity/http/handlers/auth_handler.go:130.16,132.3 1 0
identity/http/handlers/auth_handler.go:134.2,140.16 3 0
identity/http/handlers/auth_handler.go:140.16,142.3 1 0
identity/http/handlers/auth_handler.go:144.2,144.107 1 0
identity/http/handlers/auth_handler.go:147.89,151.24 3 0
identity/http/handlers/auth_handler.go:151.24,153.3 1 0
identity/http/handlers/auth_handler.go:155.2,157.32 2 0
identity/http/handlers/auth_handler.go:157.32,160.3 2 0
identity/http/handlers/auth_handler.go:160.8,162.33 2 0
identity/http/handlers/auth_handler.go:162.33,164.4 1 0
identity/http/handlers/auth_handler.go:166.3,167.29 2 0
identity/http/handlers/auth_handler.go:170.2,175.3 1 0
identity/http/handlers/auth_handler.go:199.86,203.16 3 0
identity/http/handlers/auth_handler.go:203.16,205.3 1 0
identity/http/handlers/auth_handler.go:207.2,209.38 2 0
identity/http/handlers/auth_handler.go:209.38,216.3 1 0
identity/http/handlers/auth_handler.go:218.2,218.15 1 0
identity/http/handlers/auth_handler.go:221.98,222.19 1 0
identity/http/handlers/auth_handler.go:222.19,224.3 1 0
identity/http/handlers/auth_handler.go:226.2,229.40 3 0
identity/http/handlers/auth_handler.go:229.40,232.3 2 0
identity/http/handlers/auth_handler.go:234.2,234.15 1 0
identity/http/handlers/auth_handler.go:237.89,240.42 2 0
identity/http/handlers/auth_handler.go:240.42,242.3 1 0
identity/http/handlers/auth_handler.go:244.2,246.59 2 0
identity/http/handlers/auth_handler.go:246.59,247.51 1 0
identity/http/handlers/auth_handler.go:247.51,248.12 1 0
identity/http/handlers/auth_handler.go:251.3,253.48 2 0
identity/http/handlers/auth_handler.go:253.48,255.4 1 0
identity/http/handlers/auth_handler.go:258.2,258.17 1 0
identity/http/handlers/auth_handler.go:261.67,262.57 1 0
identity/http/handlers/auth_handler.go:262.57,263.51 1 0
identity/http/handlers/auth_handler.go:263.51,265.4 1 0
identity/http/handlers/auth_handler.go:268.2,268.17 1 0
identity/http/handlers/config_handler.go:21.74,24.9 2 0
identity/http/handlers/config_handler.go:25.29,26.48 1 0
identity/http/handlers/config_handler.go:27.78,28.54 1 0
identity/http/handlers/config_handler.go:29.74,30.50 1 0
identity/http/handlers/config_handler.go:31.81,32.57 1 0
identity/http/handlers/config_handler.go:33.10,34.47 1 0
identity/http/handlers/config_handler.go:38.61,45.2 1 0
identity/http/handlers/config_handler.go:47.78,49.16 2 0
identity/http/handlers/config_handler.go:49.16,51.3 1 0
identity/http/handlers/config_handler.go:53.2,54.16 2 0
identity/http/handlers/config_handler.go:54.16,56.3 1 0
identity/http/handlers/config_handler.go:58.2,59.16 2 0
identity/http/handlers/config_handler.go:59.16,61.3 1 0
identity/http/handlers/config_handler.go:63.2,74.3 3 0
identity/http/handlers/config_handler.go:77.74,79.16 2 0
identity/http/handlers/config_handler.go:79.16,81.3 1 0
identity/http/handlers/config_handler.go:83.2,84.16 2 0
identity/http/handlers/config_handler.go:84.16,86.3 1 0
identity/http/handlers/config_handler.go:88.2,89.16 2 0
identity/http/handlers/config_handler.go:89.16,91.3 1 0
identity/http/handlers/config_handler.go:93.2,103.3 4 0
identity/http/handlers/config_handler.go:106.81,108.16 2 0
identity/http/handlers/config_handler.go:108.16,110.3 1 0
identity/http/handlers/config_handler.go:112.2,113.16 2 0
identity/http/handlers/config_handler.go:113.16,115.3 1 0
identity/http/handlers/config_handler.go:117.2,118.16 2 0
identity/http/handlers/config_handler.go:118.16,120.3 1 0
identity/http/handlers/config_handler.go:122.2,127.38 2 0
identity/http/handlers/config_handler.go:127.38,129.3 1 0
identity/http/handlers/config_handler.go:131.2,138.3 2 0
identity/http/handlers/config_handler.go:141.101,145.30 3 0
identity/http/handlers/config_handler.go:145.30,147.3 1 0
identity/http/handlers/config_handler.go:149.2,153.16 4 0
identity/http/handlers/config_handler.go:153.16,155.3 1 0
identity/http/handlers/config_handler.go:157.2,158.16 2 0
identity/http/handlers/config_handler.go:158.16,160.3 1 0
identity/http/handlers/config_handler.go:162.2,162.83 1 0
identity/http/handlers/discovery_handler.go:12.77,14.23 2 0
identity/http/handlers/discovery_handler.go:14.23,16.3 1 0
identity/http/handlers/discovery_handler.go:18.2,21.16 3 0
identity/http/handlers/discovery_handler.go:21.16,23.3 1 0
identity/http/handlers/discovery_handler.go:25.2,29.10 4 0
identity/http/handlers/discovery_handler.go:29.10,31.3 1 0
identity/http/handlers/discovery_handler.go:33.2,34.11 2 0
identity/http/handlers/discovery_handler.go:34.11,36.3 1 0
identity/http/handlers/discovery_handler.go:38.2,39.16 2 0
identity/http/handlers/discovery_handler.go:39.16,41.3 1 0
identity/http/handlers/discovery_handler.go:43.2,43.21 1 0
identity/http/handlers/discovery_handler.go:46.66,61.16 3 0
identity/http/handlers/discovery_handler.go:61.16,63.3 1 0
identity/http/handlers/discovery_handler.go:65.2,65.21 1 0
identity/http/handlers/discovery_handler.go:68.66,82.16 3 0
identity/http/handlers/discovery_handler.go:82.16,84.3 1 0
identity/http/handlers/discovery_handler.go:86.2,86.21 1 0
identity/http/handlers/discovery_handler.go:89.78,125.2 1 0
identity/http/handlers/exports.go:12.70,14.2 1 0
identity/http/handlers/exports.go:17.69,19.2 1 0
identity/http/handlers/exports.go:22.73,24.2 1 0
identity/http/handlers/exports.go:27.69,29.2 1 0
identity/http/handlers/exports.go:32.69,34.2 1 0
identity/http/handlers/exports.go:37.73,39.2 1 0
identity/http/handlers/exports.go:42.68,44.2 1 0
identity/http/handlers/exports.go:47.72,49.2 1 0
identity/http/handlers/index_handler.go:11.73,12.58 1 0
identity/http/handlers/index_handler.go:12.58,14.3 1 0
identity/http/handlers/index_handler.go:16.2,16.53 1 0
identity/http/handlers/index_handler.go:16.53,18.3 1 0
identity/http/handlers/index_handler.go:20.2,20.29 1 0
identity/http/handlers/index_handler.go:20.29,22.3 1 0
identity/http/handlers/index_handler.go:24.2,27.16 3 0
identity/http/handlers/index_handler.go:27.16,29.3 1 0
identity/http/handlers/index_handler.go:31.2,31.28 1 0
identity/http/handlers/index_handler.go:34.58,36.2 1 0
identity/http/handlers/jwt_parse.go:28.86,30.16 2 0
identity/http/handlers/jwt_parse.go:30.16,32.3 1 0
identity/http/handlers/jwt_parse.go:34.2,40.8 1 0
identity/http/handlers/jwt_parse.go:43.101,45.16 2 0
identity/http/handlers/jwt_parse.go:45.16,47.3 1 0
identity/http/handlers/jwt_parse.go:49.2,53.8 1 0
identity/http/handlers/jwt_parse.go:56.56,58.9 2 0
identity/http/handlers/jwt_parse.go:58.9,60.3 1 0
identity/http/handlers/jwt_parse.go:62.2,62.14 1 0
identity/http/handlers/parse.go:13.61,14.30 1 0
identity/http/handlers/parse.go:14.30,15.30 1 0
identity/http/handlers/parse.go:15.30,16.39 1 0
identity/http/handlers/parse.go:16.39,18.5 1 0
identity/http/handlers/parse.go:22.2,22.12 1 0
identity/http/handlers/parse.go:25.52,26.61 1 0
identity/http/handlers/parse.go:26.61,28.3 1 0
identity/http/handlers/parse.go:30.2,31.32 2 0
identity/http/handlers/parse.go:31.32,34.16 2 0
identity/http/handlers/parse.go:36.75,37.21 1 0
identity/http/handlers/parse.go:38.11,39.16 1 0
identity/http/handlers/parse.go:43.2,43.19 1 0
identity/http/handlers/parse.go:46.51,48.73 2 0
identity/http/handlers/parse.go:48.73,50.3 1 0
identity/http/handlers/parse.go:52.2,52.38 1 0
identity/http/handlers/test_token_handler.go:19.77,21.36 2 0
identity/http/handlers/test_token_handler.go:21.36,23.3 1 0
identity/http/handlers/test_token_handler.go:25.2,29.16 4 0
identity/http/handlers/test_token_handler.go:29.16,31.3 1 0
identity/http/handlers/test_token_handler.go:33.2,34.21 2 0
identity/http/handlers/test_token_handler.go:34.21,36.3 1 0
identity/http/handlers/test_token_handler.go:38.2,39.17 2 0
identity/http/handlers/test_token_handler.go:39.17,41.3 1 0
identity/http/handlers/test_token_handler.go:43.2,57.52 3 0
identity/http/handlers/test_token_handler.go:60.74,61.20 1 0
identity/http/handlers/test_token_handler.go:61.20,62.63 1 0
identity/http/handlers/test_token_handler.go:62.63,64.4 1 0
identity/http/handlers/test_token_handler.go:67.2,67.41 1 0
identity/http/handlers/test_token_handler.go:67.41,71.3 2 0
identity/http/handlers/test_token_handler.go:73.2,73.12 1 0
identity/http/handlers/token_handler.go:14.73,16.16 2 0
identity/http/handlers/token_handler.go:16.16,18.3 1 0
identity/http/handlers/token_handler.go:20.2,21.21 2 0
identity/http/handlers/token_handler.go:21.21,23.3 1 0
identity/http/handlers/token_handler.go:25.2,26.19 2 0
identity/http/handlers/token_handler.go:26.19,28.3 1 0
identity/http/handlers/token_handler.go:30.2,30.68 1 0
identity/http/handlers/token_handler.go:33.104,39.16 5 0
identity/http/handlers/token_handler.go:39.16,41.3 1 0
identity/http/handlers/token_handler.go:43.2,44.19 2 0
identity/http/handlers/token_handler.go:44.19,46.3 1 0
identity/http/handlers/token_handler.go:48.2,60.15 2 0
identity/http/handlers/token_handler.go:61.46,62.51 1 0
identity/http/handlers/token_handler.go:63.37,64.60 1 0
identity/http/handlers/token_handler.go:65.37,66.64 1 0
identity/http/handlers/token_handler.go:67.32,68.68 1 0
identity/http/handlers/token_handler.go:69.10,70.108 1 0
identity/http/handlers/token_handler.go:74.67,75.13 1 0
identity/http/handlers/token_handler.go:76.18,77.35 1 0
identity/http/handlers/token_handler.go:78.14,79.31 1 0
identity/http/handlers/token_handler.go:80.28,81.44 1 0
identity/http/handlers/token_handler.go:82.28,83.44 1 0
identity/http/handlers/token_handler.go:84.23,85.39 1 0
identity/http/handlers/token_handler.go:86.10,87.97 1 0
identity/http/handlers/token_handler.go:93.38,95.16 2 0
identity/http/handlers/token_handler.go:95.16,97.3 1 0
identity/http/handlers/token_handler.go:99.2,102.18 3 0
identity/http/handlers/token_handler.go:107.38,111.16 3 0
identity/http/handlers/token_handler.go:111.16,113.3 1 0
identity/http/handlers/token_handler.go:115.2,116.16 2 0
identity/http/handlers/token_handler.go:116.16,118.3 1 0
identity/http/handlers/token_handler.go:120.2,121.22 2 0
identity/http/handlers/token_handler.go:121.22,123.3 1 0
identity/http/handlers/token_handler.go:125.2,127.18 2 0
identity/http/handlers/token_handler.go:132.38,134.21 2 0
identity/http/handlers/token_handler.go:134.21,136.3 1 0
identity/http/handlers/token_handler.go:138.2,139.80 2 0
identity/http/handlers/token_handler.go:139.80,141.3 1 0
identity/http/handlers/token_handler.go:143.2,143.30 1 0
identity/http/handlers/token_handler.go:143.30,145.3 1 0
identity/http/handlers/token_handler.go:147.2,150.68 3 0
identity/http/handlers/token_handler.go:150.68,152.3 1 0
identity/http/handlers/token_handler.go:154.2,154.18 1 0
identity/http/handlers/token_handler.go:159.38,161.21 2 0
identity/http/handlers/token_handler.go:161.21,163.3 1 0
identity/http/handlers/token_handler.go:165.2,165.30 1 0
identity/http/handlers/token_handler.go:165.30,167.3 1 0
identity/http/handlers/token_handler.go:169.2,171.68 2 0
identity/http/handlers/token_handler.go:171.68,173.3 1 0
identity/http/handlers/token_handler.go:175.2,175.18 1 0
identity/http/handlers/token_handler.go:178.99,180.19 2 0
identity/http/handlers/token_handler.go:180.19,182.3 1 0
identity/http/handlers/token_handler.go:184.2,184.60 1 0
identity/http/handlers/token_handler.go:184.60,185.61 1 0
identity/http/handlers/token_handler.go:185.61,187.4 1 0
identity/http/handlers/token_handler.go:190.2,190.15 1 0
identity/http/handlers/token_handler.go:193.83,194.31 1 0
identity/http/handlers/token_handler.go:194.31,196.3 1 0
identity/http/handlers/token_handler.go:198.2,199.16 2 0
identity/http/handlers/token_handler.go:199.16,201.3 1 0
identity/http/handlers/token_handler.go:203.2,204.16 2 0
identity/http/handlers/token_handler.go:204.16,206.3 1 0
identity/http/handlers/token_handler.go:208.2,208.16 1 0
identity/http/handlers/token_handler.go:211.47,212.27 1 0
identity/http/handlers/token_handler.go:212.27,214.3 1 0
identity/http/handlers/token_handler.go:216.2,216.17 1 0
identity/http/handlers/token_handler.go:219.66,227.29 2 0
identity/http/handlers/token_handler.go:227.29,229.3 1 0
identity/http/handlers/token_handler.go:231.2,231.34 1 0
identity/http/handlers/token_handler.go:231.34,233.3 1 0
identity/http/handlers/token_handler.go:235.2,235.32 1 0
identity/http/handlers/token_handler.go:235.32,237.3 1 0
identity/http/handlers/token_handler.go:239.2,240.16 2 0
identity/http/handlers/token_handler.go:240.16,242.3 1 0
identity/http/handlers/token_handler.go:244.2,252.3 1 0
identity/http/handlers/token_handler.go:255.50,257.28 2 0
identity/http/handlers/token_handler.go:257.28,259.3 1 0
identity/http/handlers/token_handler.go:261.2,261.28 1 0
identity/http/transport/routes.go:19.49,21.2 1 0
identity/http/transport/routes.go:23.56,26.96 2 0
identity/http/transport/routes.go:26.96,27.72 1 0
identity/http/transport/routes.go:27.72,29.4 1 0
identity/http/transport/routes.go:32.2,67.28 29 0
identity/http/transport/routes.go:70.59,72.2 1 0
identity/http/transport/routes.go:74.58,75.91 1 0
identity/http/transport/routes.go:75.91,82.3 4 0
identity/http/transport/routes.go:85.59,86.91 1 0
identity/http/transport/routes.go:86.91,88.19 2 0
identity/http/transport/routes.go:88.19,90.4 1 0
identity/http/transport/routes.go:92.3,97.46 5 0
identity/http/transport/routes.go:97.46,101.4 2 0
identity/http/transport/routes.go:103.3,103.34 1 0
identity/http/transport/routes.go:113.57,116.2 2 0
identity/main.go:43.60,45.16 2 0
identity/main.go:45.16,47.3 1 0
identity/main.go:49.2,49.20 1 0
identity/main.go:52.71,54.24 2 0
identity/main.go:54.24,56.3 1 0
identity/main.go:58.2,58.19 1 0
identity/main.go:61.53,62.40 1 0
identity/main.go:62.40,64.3 1 0
identity/main.go:66.2,66.20 1 0
identity/main.go:69.83,71.16 2 0
identity/main.go:71.16,73.3 1 0
identity/main.go:75.2,76.16 2 0
identity/main.go:76.16,78.3 1 0
identity/main.go:80.2,80.42 1 0
identity/main.go:83.30,85.16 2 0
identity/main.go:85.16,87.3 1 0
identity/main.go:89.2,92.16 3 0
identity/main.go:92.16,94.3 1 0
identity/main.go:96.2,97.16 2 0
identity/main.go:97.16,99.3 1 0
identity/main.go:101.2,111.22 4 0
identity/main.go:111.22,113.3 1 0
identity/main.go:115.2,121.16 3 0
identity/main.go:121.16,123.3 1 0
identity/main.go:125.2,125.12 1 0
identity/main.go:128.13,135.43 1 0
identity/main.go:135.43,137.4 1 0
identity/main.go:139.2,139.16 1 0
identity/main.go:139.16,141.3 1 0
identity/app/lookup.go:15.79,16.44 1 1
identity/app/lookup.go:16.44,18.3 1 1
identity/app/lookup.go:20.2,20.42 1 1
identity/app/lookup.go:20.42,21.45 1 1
identity/app/lookup.go:21.45,23.4 1 1
identity/app/lookup.go:26.2,26.50 1 1
identity/app/lookup.go:30.92,31.42 1 1
identity/app/lookup.go:31.42,32.54 1 1
identity/app/lookup.go:32.54,34.4 1 1
identity/app/lookup.go:37.2,37.50 1 1
identity/app/lookup.go:41.88,42.42 1 1
identity/app/lookup.go:42.42,43.54 1 1
identity/app/lookup.go:43.54,45.4 1 1
identity/app/lookup.go:48.2,48.50 1 1
identity/app/lookup.go:52.106,53.57 1 1
identity/app/lookup.go:53.57,54.60 1 1
identity/app/lookup.go:54.60,56.4 1 1
identity/app/lookup.go:59.2,59.56 1 1
identity/app/lookup.go:63.101,64.42 1 1
identity/app/lookup.go:64.42,65.54 1 1
identity/app/lookup.go:65.54,67.4 1 1
identity/app/lookup.go:70.2,70.57 1 0
identity/app/lookup.go:70.57,71.60 1 0
identity/app/lookup.go:71.60,73.4 1 0
identity/app/lookup.go:76.2,76.38 1 0
identity/app/lookup.go:80.82,81.37 1 1
identity/app/lookup.go:81.37,82.41 1 1
identity/app/lookup.go:82.41,84.4 1 1
identity/app/lookup.go:87.2,87.37 1 1
identity/app/lookup.go:91.93,92.38 1 1
identity/app/lookup.go:92.38,98.37 5 1
identity/app/lookup.go:98.37,100.4 1 1
identity/app/lookup.go:103.2,103.52 1 1
identity/app/lookup.go:107.77,108.38 1 1
identity/app/lookup.go:108.38,109.36 1 1
identity/app/lookup.go:109.36,111.4 1 1
identity/app/lookup.go:114.2,114.29 1 1
identity/app/lookup.go:118.70,119.109 1 1
identity/app/lookup.go:119.109,121.3 1 1
identity/app/lookup.go:123.2,123.12 1 1
identity/app/token.go:41.84,77.69 12 1
identity/app/token.go:77.69,80.3 2 1
identity/app/token.go:82.2,82.99 1 1
identity/app/token.go:82.99,88.3 2 1
identity/app/token.go:90.2,90.23 1 1
identity/app/token.go:90.23,93.3 2 1
identity/app/token.go:95.2,95.17 1 1
identity/app/token.go:104.10,116.2 2 1
identity/app/token.go:123.17,138.25 2 1
identity/app/token.go:138.25,142.3 3 1
identity/app/token.go:144.2,144.23 1 1
identity/app/token.go:144.23,150.71 5 1
identity/app/token.go:150.71,152.4 1 1
identity/app/token.go:152.9,154.4 1 1
identity/app/token.go:157.2,157.32 1 1
identity/app/token.go:157.32,159.3 1 1
identity/app/token.go:161.2,161.15 1 1
identity/app/token.go:164.100,180.26 2 1
identity/app/token.go:180.26,182.3 1 1
identity/app/token.go:184.2,184.15 1 1
identity/app/token.go:187.105,199.2 1 1
identity/app/token.go:201.53,202.23 1 1
identity/app/token.go:202.23,204.3 1 1
identity/app/token.go:206.2,206.27 1 0
identity/app/token.go:209.50,210.25 1 1
identity/app/token.go:210.25,212.3 1 1
identity/app/token.go:214.2,214.20 1 0
identity/app/token.go:217.69,218.17 1 1
identity/app/token.go:218.17,220.3 1 1
identity/app/token.go:222.2,222.41 1 0
identity/app/token.go:225.76,228.16 2 1
identity/app/token.go:228.16,230.3 1 1
identity/app/token.go:232.2,232.46 1 0
identity/app/token.go:235.84,239.65 3 1
identity/app/token.go:239.65,240.29 1 1
identity/app/token.go:240.29,241.12 1 1
identity/app/token.go:244.3,244.74 1 1
identity/app/token.go:247.2,247.37 1 1
identity/app/token.go:255.3,256.57 1 1
identity/app/token.go:256.57,262.43 3 1
identity/app/token.go:262.43,265.4 2 1
identity/app/token.go:267.3,267.112 1 1
identity/app/token.go:276.3,277.47 1 1
identity/app/token.go:277.47,278.43 1 1
identity/app/token.go:278.43,281.87 2 1
identity/app/token.go:281.87,284.5 2 1
identity/app/token.go:295.12,302.29 5 1
identity/app/token.go:302.29,304.3 1 1
identity/app/token.go:306.2,306.14 1 1
identity/app/token.go:314.3,315.19 1 1
identity/app/token.go:315.19,317.3 1 0
identity/app/token.go:319.2,321.59 2 1
identity/app/token.go:321.59,323.3 1 1
identity/app/token.go:332.3,333.65 1 1
identity/app/token.go:333.65,335.3 1 1
identity/app/token.go:337.2,338.62 2 1
identity/app/token.go:338.62,340.3 1 0
identity/app/token.go:342.2,342.47 1 1
identity/app/token.go:342.47,344.3 1 1
identity/app/token.go:347.59,350.17 2 1
identity/app/token.go:350.17,352.3 1 0
identity/app/token.go:354.2,354.42 1 1
identity/app/token.go:354.42,356.3 1 1
identity/app/token.go:358.2,358.15 1 1
identity/app/token.go:366.3,367.57 1 1
identity/app/token.go:367.57,368.54 1 1
identity/app/token.go:368.54,369.12 1 0
identity/app/token.go:372.3,372.62 1 1
identity/app/token.go:376.114,377.47 1 1
identity/app/token.go:377.47,378.49 1 1
identity/app/token.go:378.49,380.4 1 1
identity/app/token.go:384.75,385.49 1 1
identity/app/token.go:385.49,386.90 1 1
identity/app/token.go:386.90,388.4 1 1
identity/app/token.go:391.2,391.14 1 0
identity/app/token.go:394.78,395.35 1 1
identity/app/token.go:395.35,396.76 1 1
identity/app/token.go:396.76,398.4 1 1
identity/app/token.go:401.2,401.14 1 0
identity/app/token.go:404.76,406.2 1 1
identity/app/token.go:408.37,409.15 1 1
identity/app/token.go:410.54,411.14 1 1
identity/app/token.go:412.10,413.15 1 1
identity/app/token.go:418.91,420.2 1 1
identity/app/token.go:429.12,431.2 1 1
identity/app/util.go:30.45,35.2 1 1
identity/app/util.go:38.54,42.16 3 1
identity/app/util.go:42.16,43.57 1 0
identity/app/util.go:46.2,46.30 1 1
identity/app/util.go:50.67,55.16 4 1
identity/app/util.go:55.16,56.46 1 0
identity/app/util.go:59.2,59.15 1 1
identity/app/util.go:63.87,64.72 1 1
identity/app/util.go:64.72,66.3 1 1
identity/app/util.go:67.2,67.33 1 1
identity/app/util.go:67.33,69.3 1 1
identity/app/util.go:71.2,72.9 2 1
identity/app/util.go:72.9,74.3 1 0
identity/app/util.go:76.2,76.20 1 1
identity/app/util.go:79.42,81.2 1 1
identity/domain/config.go:12.50,13.30 1 1
identity/domain/config.go:13.30,15.3 1 0
identity/domain/config.go:17.2,17.38 1 1
identity/domain/config.go:21.41,21.66 1 1
identity/domain/config.go:41.19,42.39 1 1
identity/domain/config.go:42.39,44.3 1 0
identity/domain/config.go:46.2,46.28 1 1
identity/domain/config.go:46.28,48.3 1 0
identity/domain/config.go:50.2,57.8 1 1
identity/domain/config.go:61.42,61.68 1 1
identity/domain/config.go:64.40,64.62 1 0
identity/domain/config.go:67.59,67.93 1 1
identity/domain/config.go:70.39,70.63 1 0
identity/domain/config.go:73.37,73.60 1 1
identity/domain/config.go:76.41,76.66 1 1
identity/domain/config.go:96.19,105.2 1 1
identity/domain/config.go:108.55,108.86 1 0
identity/domain/config.go:111.60,111.95 1 1
identity/domain/config.go:114.70,116.2 1 1
identity/domain/config.go:119.69,121.2 1 0
identity/domain/config.go:124.57,124.90 1 0
identity/domain/config.go:127.58,127.93 1 1
identity/domain/config.go:137.81,139.2 1 1
identity/domain/config.go:142.33,142.52 1 0
identity/domain/config.go:145.39,145.61 1 1
identity/domain/config.go:148.51,148.79 1 0
identity/domain/config.go:159.92,161.2 1 1
identity/domain/config.go:164.30,164.48 1 0
identity/domain/config.go:167.36,167.57 1 1
identity/domain/config.go:170.48,170.75 1 0
identity/domain/config.go:173.35,173.57 1 1
identity/domain/config.go:182.49,184.2 1 0
identity/domain/config.go:187.33,187.52 1 0
identity/domain/config.go:190.37,190.58 1 0
identity/domain/config.go:211.8,220.2 1 1
identity/domain/config.go:223.30,223.48 1 1
identity/domain/config.go:226.38,226.62 1 1
identity/domain/config.go:229.38,229.62 1 1
identity/domain/config.go:232.44,232.71 1 1
identity/domain/config.go:235.32,235.53 1 1
identity/domain/config.go:238.39,238.61 1 1
identity/domain/config.go:256.10,264.2 1 1
identity/domain/config.go:267.37,267.59 1 0
identity/domain/config.go:270.42,270.68 1 1
identity/domain/config.go:273.50,273.80 1 1
identity/domain/config.go:276.51,276.81 1 1
identity/domain/config.go:279.67,281.2 1 1
identity/domain/config.go:291.113,297.2 1 1
identity/domain/config.go:300.70,302.2 1 1
identity/domain/config.go:305.68,305.104 1 1
identity/domain/config.go:308.73,310.2 1 1
identity/domain/error.go:46.54,48.2 1 0
identity/domain/error.go:51.42,53.2 1 0
identity/domain/loader.go:79.64,81.16 2 0
identity/domain/loader.go:81.16,83.3 1 0
identity/domain/loader.go:85.2,86.16 2 0
identity/domain/loader.go:86.16,88.3 1 0
identity/domain/loader.go:90.2,93.16 3 0
identity/domain/loader.go:93.16,95.3 1 0
identity/domain/loader.go:97.2,97.25 1 0
identity/domain/loader.go:100.61,104.16 3 0
identity/domain/loader.go:104.16,106.3 1 0
identity/domain/loader.go:108.2,109.16 2 0
identity/domain/loader.go:109.16,111.3 1 0
identity/domain/loader.go:113.2,117.16 2 0
identity/domain/loader.go:117.16,119.3 1 0
identity/domain/loader.go:121.2,121.21 1 0
identity/domain/loader.go:121.21,123.40 2 0
identity/domain/loader.go:123.40,125.4 1 0
identity/domain/loader.go:127.3,127.78 1 0
identity/domain/loader.go:130.2,130.12 1 0
identity/domain/loader.go:133.49,136.40 2 0
identity/domain/loader.go:136.40,138.17 2 0
identity/domain/loader.go:138.17,140.4 1 0
identity/domain/loader.go:142.3,142.36 1 0
identity/domain/loader.go:145.2,145.27 1 0
identity/domain/loader.go:148.49,150.16 2 0
identity/domain/loader.go:150.16,152.3 1 0
identity/domain/loader.go:154.2,155.16 2 0
identity/domain/loader.go:155.16,157.3 1 0
identity/domain/loader.go:159.2,160.16 2 0
identity/domain/loader.go:160.16,162.3 1 0
identity/domain/loader.go:164.2,165.16 2 0
identity/domain/loader.go:165.16,167.3 1 0
identity/domain/loader.go:169.2,170.16 2 0
identity/domain/loader.go:170.16,172.3 1 0
identity/domain/loader.go:174.2,175.16 2 0
identity/domain/loader.go:175.16,177.3 1 0
identity/domain/loader.go:179.2,179.76 1 0
identity/domain/loader.go:182.82,185.27 2 0
identity/domain/loader.go:185.27,187.17 2 0
identity/domain/loader.go:187.17,189.4 1 0
identity/domain/loader.go:191.3,191.43 1 0
identity/domain/loader.go:194.2,194.20 1 0
identity/domain/loader.go:197.76,199.16 2 0
identity/domain/loader.go:199.16,201.3 1 0
identity/domain/loader.go:203.2,204.16 2 0
identity/domain/loader.go:204.16,206.3 1 0
identity/domain/loader.go:208.2,209.16 2 0
identity/domain/loader.go:209.16,211.3 1 0
identity/domain/loader.go:213.2,214.16 2 0
identity/domain/loader.go:214.16,216.3 1 0
identity/domain/loader.go:218.2,219.16 2 0
identity/domain/loader.go:219.16,221.3 1 0
identity/domain/loader.go:223.2,224.16 2 0
identity/domain/loader.go:224.16,226.3 1 0
identity/domain/loader.go:228.2,228.92 1 0
identity/domain/loader.go:231.62,234.27 2 0
identity/domain/loader.go:234.27,236.17 2 0
identity/domain/loader.go:236.17,238.4 1 0
identity/domain/loader.go:240.3,240.39 1 0
identity/domain/loader.go:243.2,243.20 1 0
identity/domain/loader.go:246.52,249.27 2 0
identity/domain/loader.go:249.27,251.17 2 0
identity/domain/loader.go:251.17,253.4 1 0
identity/domain/loader.go:255.3,255.33 1 0
identity/domain/loader.go:258.2,258.20 1 0
identity/domain/loader.go:261.46,263.16 2 0
identity/domain/loader.go:263.16,265.3 1 0
identity/domain/loader.go:267.2,268.16 2 0
identity/domain/loader.go:268.16,270.3 1 0
identity/domain/loader.go:272.2,273.16 2 0
identity/domain/loader.go:273.16,275.3 1 0
identity/domain/loader.go:277.2,277.51 1 0
identity/domain/loader.go:280.49,283.27 2 0
identity/domain/loader.go:283.27,285.17 2 0
identity/domain/loader.go:285.17,287.4 1 0
identity/domain/loader.go:289.3,289.32 1 0
identity/domain/loader.go:292.2,292.20 1 0
identity/domain/loader.go:295.43,297.16 2 0
identity/domain/loader.go:297.16,299.3 1 0
identity/domain/loader.go:301.2,302.16 2 0
identity/domain/loader.go:302.16,304.3 1 0
identity/domain/loader.go:306.2,307.16 2 0
identity/domain/loader.go:307.16,309.3 1 0
identity/domain/loader.go:311.2,312.16 2 0
identity/domain/loader.go:312.16,314.3 1 0
identity/domain/loader.go:316.2,316.57 1 0
identity/domain/loader.go:319.52,322.27 2 0
identity/domain/loader.go:322.27,324.17 2 0
identity/domain/loader.go:324.17,326.4 1 0
identity/domain/loader.go:328.3,329.17 2 0
identity/domain/loader.go:329.17,331.4 1 0
identity/domain/loader.go:333.3,333.51 1 0
identity/domain/loader.go:336.2,336.20 1 0
identity/domain/loader.go:339.49,342.27 2 0
identity/domain/loader.go:342.27,344.17 2 0
identity/domain/loader.go:344.17,346.4 1 0
identity/domain/loader.go:348.3,348.32 1 0
identity/domain/loader.go:351.2,351.20 1 0
identity/domain/loader.go:354.43,356.16 2 0
identity/domain/loader.go:356.16,358.3 1 0
identity/domain/loader.go:360.2,361.16 2 0
identity/domain/loader.go:361.16,363.3 1 0
identity/domain/loader.go:365.2,366.16 2 0
identity/domain/loader.go:366.16,368.3 1 0
identity/domain/loader.go:370.2,371.16 2 0
identity/domain/loader.go:371.16,373.3 1 0
identity/domain/loader.go:375.2,376.16 2 0
identity/domain/loader.go:376.16,378.3 1 0
identity/domain/loader.go:380.2,381.16 2 0
identity/domain/loader.go:381.16,383.3 1 0
identity/domain/loader.go:385.2,385.77 1 0
identity/domain/loader.go:388.80,391.38 2 0
identity/domain/loader.go:391.38,393.17 2 0
identity/domain/loader.go:393.17,395.4 1 0
identity/domain/loader.go:397.3,397.32 1 0
identity/domain/loader.go:400.2,400.20 1 0
identity/domain/loader.go:403.55,406.27 2 0
identity/domain/loader.go:406.27,408.17 2 0
identity/domain/loader.go:408.17,410.4 1 0
identity/domain/loader.go:412.3,412.34 1 0
identity/domain/loader.go:415.2,415.20 1 0
identity/domain/loader.go:418.49,420.16 2 0
identity/domain/loader.go:420.16,422.3 1 0
identity/domain/loader.go:424.2,425.16 2 0
identity/domain/loader.go:425.16,427.3 1 0
identity/domain/loader.go:429.2,430.16 2 0
identity/domain/loader.go:430.16,432.3 1 0
identity/domain/loader.go:434.2,435.16 2 0
identity/domain/loader.go:435.16,437.3 1 0
identity/domain/loader.go:439.2,439.101 1 0
identity/domain/loader.go:442.94,445.27 2 0
identity/domain/loader.go:445.27,447.17 2 0
identity/domain/loader.go:447.17,449.4 1 0
identity/domain/loader.go:451.3,451.38 1 0
identity/domain/loader.go:454.2,454.20 1 0
identity/domain/loader.go:457.88,459.16 2 0
identity/domain/loader.go:459.16,461.3 1 0
identity/domain/loader.go:463.2,464.16 2 0
identity/domain/loader.go:464.16,468.3 1 0
identity/domain/loader.go:470.2,472.38 2 0
identity/domain/loader.go:472.38,474.17 2 0
identity/domain/loader.go:474.17,476.4 1 0
identity/domain/loader.go:478.3,478.30 1 0
identity/domain/loader.go:481.2,481.79 1 0
identity/domain/non_empty_string.go:12.60,13.24 1 1
identity/domain/non_empty_string.go:13.24,15.3 1 0
identity/domain/non_empty_string.go:17.2,17.40 1 1
identity/domain/non_empty_string.go:21.52,23.16 2 0
identity/domain/non_empty_string.go:23.16,24.13 1 0
identity/domain/non_empty_string.go:27.2,27.10 1 0
identity/domain/non_empty_string.go:31.41,31.59 1 1
identity/domain/types.go:15.48,17.16 2 1
identity/domain/types.go:17.16,19.3 1 0
identity/domain/types.go:21.2,21.37 1 1
identity/domain/types.go:25.40,27.16 2 1
identity/domain/types.go:27.16,28.13 1 0
identity/domain/types.go:31.2,31.17 1 1
identity/domain/types.go:35.49,37.2 1 0
identity/domain/types.go:40.43,40.68 1 0
identity/domain/types.go:43.42,43.76 1 1
identity/domain/types.go:51.48,53.16 2 1
identity/domain/types.go:53.16,55.3 1 0
identity/domain/types.go:57.2,57.37 1 1
identity/domain/types.go:61.40,63.16 2 1
identity/domain/types.go:63.16,64.13 1 0
identity/domain/types.go:67.2,67.17 1 1
identity/domain/types.go:71.49,73.2 1 0
identity/domain/types.go:76.43,76.68 1 0
identity/domain/types.go:79.42,79.76 1 1
identity/domain/types.go:87.44,89.16 2 1
identity/domain/types.go:89.16,91.3 1 0
identity/domain/types.go:93.2,93.35 1 1
identity/domain/types.go:97.36,99.16 2 1
identity/domain/types.go:99.16,100.13 1 0
identity/domain/types.go:103.2,103.15 1 1
identity/domain/types.go:107.45,109.2 1 0
identity/domain/types.go:112.39,112.62 1 0
identity/domain/types.go:115.38,115.70 1 1
identity/domain/types.go:123.46,125.16 2 0
identity/domain/types.go:125.16,127.3 1 0
identity/domain/types.go:129.2,129.36 1 0
identity/domain/types.go:133.38,135.16 2 0
identity/domain/types.go:135.16,136.13 1 0
identity/domain/types.go:139.2,139.16 1 0
identity/domain/types.go:143.47,145.2 1 0
identity/domain/types.go:148.41,148.65 1 0
identity/domain/types.go:151.40,151.73 1 0
identity/domain/types.go:159.46,161.16 2 1
identity/domain/types.go:161.16,163.3 1 0
identity/domain/types.go:165.2,165.36 1 1
identity/domain/types.go:169.38,171.16 2 1
identity/domain/types.go:171.16,172.13 1 0
identity/domain/types.go:175.2,175.16 1 1
identity/domain/types.go:179.47,181.2 1 0
identity/domain/types.go:184.41,184.65 1 0
identity/domain/types.go:187.40,187.73 1 0
identity/domain/types.go:195.44,197.16 2 1
identity/domain/types.go:197.16,199.3 1 0
identity/domain/types.go:201.2,201.35 1 1
identity/domain/types.go:205.36,207.16 2 1
identity/domain/types.go:207.16,208.13 1 0
identity/domain/types.go:211.2,211.15 1 1
identity/domain/types.go:215.45,217.2 1 0
identity/domain/types.go:220.39,220.62 1 0
identity/domain/types.go:223.38,223.70 1 0
identity/domain/types.go:231.52,233.16 2 1
identity/domain/types.go:233.16,235.3 1 0
identity/domain/types.go:237.2,237.34 1 1
identity/domain/types.go:241.44,243.16 2 1
identity/domain/types.go:243.16,244.13 1 0
identity/domain/types.go:247.2,247.13 1 1
identity/domain/types.go:251.46,251.82 1 0
identity/domain/types.go:259.46,261.16 2 1
identity/domain/types.go:261.16,263.3 1 0
identity/domain/types.go:265.2,265.31 1 1
identity/domain/types.go:269.38,271.16 2 1
identity/domain/types.go:271.16,272.13 1 0
identity/domain/types.go:275.2,275.13 1 1
identity/domain/types.go:279.40,279.73 1 0
identity/domain/types.go:287.58,289.16 2 1
identity/domain/types.go:289.16,291.3 1 0
identity/domain/types.go:293.2,293.37 1 1
identity/domain/types.go:297.52,297.91 1 1
identity/domain/types.go:305.52,307.16 2 1
identity/domain/types.go:307.16,309.3 1 0
identity/domain/types.go:311.2,311.34 1 1
identity/domain/types.go:315.46,315.82 1 1
identity/domain/types.go:323.50,325.16 2 1
identity/domain/types.go:325.16,327.3 1 0
identity/domain/types.go:329.2,329.33 1 1
identity/domain/types.go:333.44,333.79 1 1
identity/domain/types.go:341.50,343.16 2 1
identity/domain/types.go:343.16,345.3 1 0
identity/domain/types.go:347.2,347.33 1 1
identity/domain/types.go:351.44,351.79 1 1
identity/domain/types.go:359.48,361.16 2 1
identity/domain/types.go:361.16,363.3 1 0
identity/domain/types.go:365.2,365.32 1 1
identity/domain/types.go:369.40,371.16 2 1
identity/domain/types.go:371.16,372.13 1 0
identity/domain/types.go:375.2,375.17 1 1
identity/domain/types.go:379.42,379.76 1 1
identity/domain/types.go:387.48,389.16 2 1
identity/domain/types.go:389.16,391.3 1 0
identity/domain/types.go:393.2,393.32 1 1
identity/domain/types.go:397.40,399.16 2 1
identity/domain/types.go:399.16,400.13 1 0
identity/domain/types.go:403.2,403.17 1 1
identity/domain/types.go:407.42,407.76 1 1
identity/domain/types.go:415.54,417.16 2 1
identity/domain/types.go:417.16,419.3 1 0
identity/domain/types.go:421.2,421.35 1 1
identity/domain/types.go:425.46,427.16 2 1
identity/domain/types.go:427.16,428.13 1 0
identity/domain/types.go:431.2,431.20 1 1
identity/domain/types.go:435.48,435.85 1 1
identity/domain/types.go:443.42,445.16 2 1
identity/domain/types.go:445.16,447.3 1 0
identity/domain/types.go:449.2,449.29 1 1
identity/domain/types.go:453.34,455.16 2 1
identity/domain/types.go:455.16,456.13 1 0
identity/domain/types.go:459.2,459.14 1 1
identity/domain/types.go:463.36,463.67 1 1
identity/domain/types.go:471.54,473.16 2 1
identity/domain/types.go:473.16,475.3 1 0
identity/domain/types.go:477.2,477.35 1 1
identity/domain/types.go:481.48,481.85 1 1
identity/domain/types.go:491.47,493.2 1 1
identity/domain/types.go:496.50,496.79 1 1
identity/domain/types.go:499.49,499.84 1 0
identity/domain/types.go:507.64,509.16 2 1
identity/domain/types.go:509.16,511.3 1 0
identity/domain/types.go:513.2,513.40 1 1
identity/domain/types.go:517.58,517.100 1 0
identity/domain/types.go:525.62,527.16 2 1
identity/domain/types.go:527.16,529.3 1 0
identity/domain/types.go:531.2,531.39 1 1
identity/domain/types.go:535.56,535.97 1 0
identity/http/handlers/adapter.go:28.23,32.16 3 0
identity/http/handlers/adapter.go:32.16,33.13 1 0
identity/http/handlers/adapter.go:36.2,44.31 4 0
identity/http/handlers/adapter.go:57.51,59.2 1 0
identity/http/handlers/adapter.go:61.35,63.2 1 0
identity/http/handlers/adapter.go:65.35,67.2 1 0
identity/http/handlers/adapter.go:69.35,71.2 1 0
identity/http/handlers/adapter.go:73.37,75.2 1 0
identity/http/handlers/adapter.go:77.36,82.2 1 0
identity/http/handlers/adapter.go:84.34,89.2 1 0
identity/http/handlers/adapter.go:91.41,96.2 1 0
identity/http/handlers/adapter.go:98.53,103.2 3 0
identity/http/handlers/adapter.go:105.59,106.14 1 0
identity/http/handlers/adapter.go:108.30,109.25 1 0
identity/http/handlers/adapter.go:110.42,111.34 1 0
identity/http/handlers/adapter.go:112.36,113.27 1 0
identity/http/handlers/adapter.go:117.32,118.26 1 0
identity/http/handlers/adapter.go:119.10,120.22 1 0
identity/http/handlers/adapter.go:124.57,125.14 1 0
identity/http/handlers/adapter.go:128.30,129.33 1 0
identity/http/handlers/adapter.go:132.30,133.29 1 0
identity/http/handlers/adapter.go:134.10,135.31 1 0
identity/http/handlers/adapter.go:139.64,146.2 2 0
identity/http/handlers/adapter.go:149.59,150.32 1 0
identity/http/handlers/adapter.go:150.32,152.3 1 0
identity/http/handlers/adapter.go:154.2,154.43 1 0
identity/http/handlers/adapter.go:154.43,156.3 1 0
identity/http/handlers/adapter.go:158.2,159.36 2 0
identity/http/handlers/auth_handler.go:19.77,21.16 2 0
identity/http/handlers/auth_handler.go:21.16,23.3 1 0
identity/http/handlers/auth_handler.go:25.2,29.16 4 0
identity/http/handlers/auth_handler.go:29.16,31.3 1 0
identity/http/handlers/auth_handler.go:33.2,34.16 2 0
identity/http/handlers/auth_handler.go:34.16,36.3 1 0
identity/http/handlers/auth_handler.go:38.2,41.16 3 0
identity/http/handlers/auth_handler.go:41.16,43.3 1 0
identity/http/handlers/auth_handler.go:45.2,46.16 2 0
identity/http/handlers/auth_handler.go:46.16,48.3 1 0
identity/http/handlers/auth_handler.go:50.2,65.16 4 0
identity/http/handlers/auth_handler.go:65.16,67.3 1 0
identity/http/handlers/auth_handler.go:69.2,69.28 1 0
identity/http/handlers/auth_handler.go:79.104,83.16 3 0
identity/http/handlers/auth_handler.go:83.16,85.3 1 0
identity/http/handlers/auth_handler.go:87.2,88.16 2 0
identity/http/handlers/auth_handler.go:88.16,90.3 1 0
identity/http/handlers/auth_handler.go:92.2,95.16 3 0
identity/http/handlers/auth_handler.go:95.16,97.3 1 0
identity/http/handlers/auth_handler.go:99.2,100.16 2 0
identity/http/handlers/auth_handler.go:100.16,102.3 1 0
identity/http/handlers/auth_handler.go:104.2,104.116 1 0
identity/http/handlers/auth_handler.go:107.73,108.39 1 0
identity/http/handlers/auth_handler.go:108.39,110.3 1 0
identity/http/handlers/auth_handler.go:112.2,115.16 3 0
identity/http/handlers/auth_handler.go:115.16,117.3 1 0
identity/http/handlers/auth_handler.go:119.2,120.21 2 0
identity/http/handlers/auth_handler.go:120.21,122.3 1 0
identity/http/handlers/auth_handler.go:124.2,125.19 2 0
identity/http/handlers/auth_handler.go:125.19,127.3 1 0
identity/http/handlers/auth_handler.go:129.2,130.16 2 0
identity/http/handlers/auth_handler.go:130.16,132.3 1 0
identity/http/handlers/auth_handler.go:134.2,140.16 3 0
identity/http/handlers/auth_handler.go:140.16,142.3 1 0
identity/http/handlers/auth_handler.go:144.2,144.107 1 0
identity/http/handlers/auth_handler.go:147.89,151.24 3 0
identity/http/handlers/auth_handler.go:151.24,153.3 1 0
identity/http/handlers/auth_handler.go:155.2,157.32 2 0
identity/http/handlers/auth_handler.go:157.32,160.3 2 0
identity/http/handlers/auth_handler.go:160.8,162.33 2 0
identity/http/handlers/auth_handler.go:162.33,164.4 1 0
identity/http/handlers/auth_handler.go:166.3,167.29 2 0
identity/http/handlers/auth_handler.go:170.2,175.3 1 0
identity/http/handlers/auth_handler.go:199.86,203.16 3 0
identity/http/handlers/auth_handler.go:203.16,205.3 1 0
identity/http/handlers/auth_handler.go:207.2,209.38 2 0
identity/http/handlers/auth_handler.go:209.38,216.3 1 0
identity/http/handlers/auth_handler.go:218.2,218.15 1 0
identity/http/handlers/auth_handler.go:221.98,222.19 1 0
identity/http/handlers/auth_handler.go:222.19,224.3 1 0
identity/http/handlers/auth_handler.go:226.2,229.40 3 0
identity/http/handlers/auth_handler.go:229.40,232.3 2 0
identity/http/handlers/auth_handler.go:234.2,234.15 1 0
identity/http/handlers/auth_handler.go:237.89,240.42 2 0
identity/http/handlers/auth_handler.go:240.42,242.3 1 0
identity/http/handlers/auth_handler.go:244.2,246.59 2 0
identity/http/handlers/auth_handler.go:246.59,247.51 1 0
identity/http/handlers/auth_handler.go:247.51,248.12 1 0
identity/http/handlers/auth_handler.go:251.3,253.48 2 0
identity/http/handlers/auth_handler.go:253.48,255.4 1 0
identity/http/handlers/auth_handler.go:258.2,258.17 1 0
identity/http/handlers/auth_handler.go:261.67,262.57 1 0
identity/http/handlers/auth_handler.go:262.57,263.51 1 0
identity/http/handlers/auth_handler.go:263.51,265.4 1 0
identity/http/handlers/auth_handler.go:268.2,268.17 1 0
identity/http/handlers/config_handler.go:21.74,24.9 2 0
identity/http/handlers/config_handler.go:25.29,26.48 1 0
identity/http/handlers/config_handler.go:27.78,28.54 1 0
identity/http/handlers/config_handler.go:29.74,30.50 1 0
identity/http/handlers/config_handler.go:31.81,32.57 1 0
identity/http/handlers/config_handler.go:33.10,34.47 1 0
identity/http/handlers/config_handler.go:38.61,45.2 1 0
identity/http/handlers/config_handler.go:47.78,49.16 2 0
identity/http/handlers/config_handler.go:49.16,51.3 1 0
identity/http/handlers/config_handler.go:53.2,54.16 2 0
identity/http/handlers/config_handler.go:54.16,56.3 1 0
identity/http/handlers/config_handler.go:58.2,59.16 2 0
identity/http/handlers/config_handler.go:59.16,61.3 1 0
identity/http/handlers/config_handler.go:63.2,74.3 3 0
identity/http/handlers/config_handler.go:77.74,79.16 2 0
identity/http/handlers/config_handler.go:79.16,81.3 1 0
identity/http/handlers/config_handler.go:83.2,84.16 2 0
identity/http/handlers/config_handler.go:84.16,86.3 1 0
identity/http/handlers/config_handler.go:88.2,89.16 2 0
identity/http/handlers/config_handler.go:89.16,91.3 1 0
identity/http/handlers/config_handler.go:93.2,103.3 4 0
identity/http/handlers/config_handler.go:106.81,108.16 2 0
identity/http/handlers/config_handler.go:108.16,110.3 1 0
identity/http/handlers/config_handler.go:112.2,113.16 2 0
identity/http/handlers/config_handler.go:113.16,115.3 1 0
identity/http/handlers/config_handler.go:117.2,118.16 2 0
identity/http/handlers/config_handler.go:118.16,120.3 1 0
identity/http/handlers/config_handler.go:122.2,127.38 2 0
identity/http/handlers/config_handler.go:127.38,129.3 1 0
identity/http/handlers/config_handler.go:131.2,138.3 2 0
identity/http/handlers/config_handler.go:141.101,145.30 3 0
identity/http/handlers/config_handler.go:145.30,147.3 1 0
identity/http/handlers/config_handler.go:149.2,153.16 4 0
identity/http/handlers/config_handler.go:153.16,155.3 1 0
identity/http/handlers/config_handler.go:157.2,158.16 2 0
identity/http/handlers/config_handler.go:158.16,160.3 1 0
identity/http/handlers/config_handler.go:162.2,162.83 1 0
identity/http/handlers/discovery_handler.go:12.77,14.23 2 0
identity/http/handlers/discovery_handler.go:14.23,16.3 1 0
identity/http/handlers/discovery_handler.go:18.2,21.16 3 0
identity/http/handlers/discovery_handler.go:21.16,23.3 1 0
identity/http/handlers/discovery_handler.go:25.2,29.10 4 0
identity/http/handlers/discovery_handler.go:29.10,31.3 1 0
identity/http/handlers/discovery_handler.go:33.2,34.11 2 0
identity/http/handlers/discovery_handler.go:34.11,36.3 1 0
identity/http/handlers/discovery_handler.go:38.2,39.16 2 0
identity/http/handlers/discovery_handler.go:39.16,41.3 1 0
identity/http/handlers/discovery_handler.go:43.2,43.21 1 0
identity/http/handlers/discovery_handler.go:46.66,61.16 3 0
identity/http/handlers/discovery_handler.go:61.16,63.3 1 0
identity/http/handlers/discovery_handler.go:65.2,65.21 1 0
identity/http/handlers/discovery_handler.go:68.66,82.16 3 0
identity/http/handlers/discovery_handler.go:82.16,84.3 1 0
identity/http/handlers/discovery_handler.go:86.2,86.21 1 0
identity/http/handlers/discovery_handler.go:89.78,125.2 1 0
identity/http/handlers/exports.go:12.70,14.2 1 0
identity/http/handlers/exports.go:17.69,19.2 1 0
identity/http/handlers/exports.go:22.73,24.2 1 0
identity/http/handlers/exports.go:27.69,29.2 1 0
identity/http/handlers/exports.go:32.69,34.2 1 0
identity/http/handlers/exports.go:37.73,39.2 1 0
identity/http/handlers/exports.go:42.68,44.2 1 0
identity/http/handlers/exports.go:47.72,49.2 1 0
identity/http/handlers/index_handler.go:11.73,12.58 1 0
identity/http/handlers/index_handler.go:12.58,14.3 1 0
identity/http/handlers/index_handler.go:16.2,16.53 1 0
identity/http/handlers/index_handler.go:16.53,18.3 1 0
identity/http/handlers/index_handler.go:20.2,20.29 1 0
identity/http/handlers/index_handler.go:20.29,22.3 1 0
identity/http/handlers/index_handler.go:24.2,27.16 3 0
identity/http/handlers/index_handler.go:27.16,29.3 1 0
identity/http/handlers/index_handler.go:31.2,31.28 1 0
identity/http/handlers/index_handler.go:34.58,36.2 1 0
identity/http/handlers/jwt_parse.go:28.86,30.16 2 0
identity/http/handlers/jwt_parse.go:30.16,32.3 1 0
identity/http/handlers/jwt_parse.go:34.2,40.8 1 0
identity/http/handlers/jwt_parse.go:43.101,45.16 2 0
identity/http/handlers/jwt_parse.go:45.16,47.3 1 0
identity/http/handlers/jwt_parse.go:49.2,53.8 1 0
identity/http/handlers/jwt_parse.go:56.56,58.9 2 0
identity/http/handlers/jwt_parse.go:58.9,60.3 1 0
identity/http/handlers/jwt_parse.go:62.2,62.14 1 0
identity/http/handlers/parse.go:13.61,14.30 1 0
identity/http/handlers/parse.go:14.30,15.30 1 0
identity/http/handlers/parse.go:15.30,16.39 1 0
identity/http/handlers/parse.go:16.39,18.5 1 0
identity/http/handlers/parse.go:22.2,22.12 1 0
identity/http/handlers/parse.go:25.52,26.61 1 0
identity/http/handlers/parse.go:26.61,28.3 1 0
identity/http/handlers/parse.go:30.2,31.32 2 0
identity/http/handlers/parse.go:31.32,34.16 2 0
identity/http/handlers/parse.go:36.75,37.21 1 0
identity/http/handlers/parse.go:38.11,39.16 1 0
identity/http/handlers/parse.go:43.2,43.19 1 0
identity/http/handlers/parse.go:46.51,48.73 2 0
identity/http/handlers/parse.go:48.73,50.3 1 0
identity/http/handlers/parse.go:52.2,52.38 1 0
identity/http/handlers/test_token_handler.go:19.77,21.36 2 0
identity/http/handlers/test_token_handler.go:21.36,23.3 1 0
identity/http/handlers/test_token_handler.go:25.2,29.16 4 0
identity/http/handlers/test_token_handler.go:29.16,31.3 1 0
identity/http/handlers/test_token_handler.go:33.2,34.21 2 0
identity/http/handlers/test_token_handler.go:34.21,36.3 1 0
identity/http/handlers/test_token_handler.go:38.2,39.17 2 0
identity/http/handlers/test_token_handler.go:39.17,41.3 1 0
identity/http/handlers/test_token_handler.go:43.2,57.52 3 0
identity/http/handlers/test_token_handler.go:60.74,61.20 1 0
identity/http/handlers/test_token_handler.go:61.20,62.63 1 0
identity/http/handlers/test_token_handler.go:62.63,64.4 1 0
identity/http/handlers/test_token_handler.go:67.2,67.41 1 0
identity/http/handlers/test_token_handler.go:67.41,71.3 2 0
identity/http/handlers/test_token_handler.go:73.2,73.12 1 0
identity/http/handlers/token_handler.go:14.73,16.16 2 0
identity/http/handlers/token_handler.go:16.16,18.3 1 0
identity/http/handlers/token_handler.go:20.2,21.21 2 0
identity/http/handlers/token_handler.go:21.21,23.3 1 0
identity/http/handlers/token_handler.go:25.2,26.19 2 0
identity/http/handlers/token_handler.go:26.19,28.3 1 0
identity/http/handlers/token_handler.go:30.2,30.68 1 0
identity/http/handlers/token_handler.go:33.104,39.16 5 0
identity/http/handlers/token_handler.go:39.16,41.3 1 0
identity/http/handlers/token_handler.go:43.2,44.19 2 0
identity/http/handlers/token_handler.go:44.19,46.3 1 0
identity/http/handlers/token_handler.go:48.2,60.15 2 0
identity/http/handlers/token_handler.go:61.46,62.51 1 0
identity/http/handlers/token_handler.go:63.37,64.60 1 0
identity/http/handlers/token_handler.go:65.37,66.64 1 0
identity/http/handlers/token_handler.go:67.32,68.68 1 0
identity/http/handlers/token_handler.go:69.10,70.108 1 0
identity/http/handlers/token_handler.go:74.67,75.13 1 0
identity/http/handlers/token_handler.go:76.18,77.35 1 0
identity/http/handlers/token_handler.go:78.14,79.31 1 0
identity/http/handlers/token_handler.go:80.28,81.44 1 0
identity/http/handlers/token_handler.go:82.28,83.44 1 0
identity/http/handlers/token_handler.go:84.23,85.39 1 0
identity/http/handlers/token_handler.go:86.10,87.97 1 0
identity/http/handlers/token_handler.go:93.38,95.16 2 0
identity/http/handlers/token_handler.go:95.16,97.3 1 0
identity/http/handlers/token_handler.go:99.2,102.18 3 0
identity/http/handlers/token_handler.go:107.38,111.16 3 0
identity/http/handlers/token_handler.go:111.16,113.3 1 0
identity/http/handlers/token_handler.go:115.2,116.16 2 0
identity/http/handlers/token_handler.go:116.16,118.3 1 0
identity/http/handlers/token_handler.go:120.2,121.22 2 0
identity/http/handlers/token_handler.go:121.22,123.3 1 0
identity/http/handlers/token_handler.go:125.2,127.18 2 0
identity/http/handlers/token_handler.go:132.38,134.21 2 0
identity/http/handlers/token_handler.go:134.21,136.3 1 0
identity/http/handlers/token_handler.go:138.2,139.80 2 0
identity/http/handlers/token_handler.go:139.80,141.3 1 0
identity/http/handlers/token_handler.go:143.2,143.30 1 0
identity/http/handlers/token_handler.go:143.30,145.3 1 0
identity/http/handlers/token_handler.go:147.2,150.68 3 0
identity/http/handlers/token_handler.go:150.68,152.3 1 0
identity/http/handlers/token_handler.go:154.2,154.18 1 0
identity/http/handlers/token_handler.go:159.38,161.21 2 0
identity/http/handlers/token_handler.go:161.21,163.3 1 0
identity/http/handlers/token_handler.go:165.2,165.30 1 0
identity/http/handlers/token_handler.go:165.30,167.3 1 0
identity/http/handlers/token_handler.go:169.2,171.68 2 0
identity/http/handlers/token_handler.go:171.68,173.3 1 0
identity/http/handlers/token_handler.go:175.2,175.18 1 0
identity/http/handlers/token_handler.go:178.99,180.19 2 0
identity/http/handlers/token_handler.go:180.19,182.3 1 0
identity/http/handlers/token_handler.go:184.2,184.60 1 0
identity/http/handlers/token_handler.go:184.60,185.61 1 0
identity/http/handlers/token_handler.go:185.61,187.4 1 0
identity/http/handlers/token_handler.go:190.2,190.15 1 0
identity/http/handlers/token_handler.go:193.83,194.31 1 0
identity/http/handlers/token_handler.go:194.31,196.3 1 0
identity/http/handlers/token_handler.go:198.2,199.16 2 0
identity/http/handlers/token_handler.go:199.16,201.3 1 0
identity/http/handlers/token_handler.go:203.2,204.16 2 0
identity/http/handlers/token_handler.go:204.16,206.3 1 0
identity/http/handlers/token_handler.go:208.2,208.16 1 0
identity/http/handlers/token_handler.go:211.47,212.27 1 0
identity/http/handlers/token_handler.go:212.27,214.3 1 0
identity/http/handlers/token_handler.go:216.2,216.17 1 0
identity/http/handlers/token_handler.go:219.66,227.29 2 0
identity/http/handlers/token_handler.go:227.29,229.3 1 0
identity/http/handlers/token_handler.go:231.2,231.34 1 0
identity/http/handlers/token_handler.go:231.34,233.3 1 0
identity/http/handlers/token_handler.go:235.2,235.32 1 0
identity/http/handlers/token_handler.go:235.32,237.3 1 0
identity/http/handlers/token_handler.go:239.2,240.16 2 0
identity/http/handlers/token_handler.go:240.16,242.3 1 0
identity/http/handlers/token_handler.go:244.2,252.3 1 0
identity/http/handlers/token_handler.go:255.50,257.28 2 0
identity/http/handlers/token_handler.go:257.28,259.3 1 0
identity/http/handlers/token_handler.go:261.2,261.28 1 0
identity/http/transport/routes.go:19.49,21.2 1 0
identity/http/transport/routes.go:23.56,26.96 2 0
identity/http/transport/routes.go:26.96,27.72 1 0
identity/http/transport/routes.go:27.72,29.4 1 0
identity/http/transport/routes.go:32.2,67.28 29 0
identity/http/transport/routes.go:70.59,72.2 1 0
identity/http/transport/routes.go:74.58,75.91 1 0
identity/http/transport/routes.go:75.91,82.3 4 0
identity/http/transport/routes.go:85.59,86.91 1 0
identity/http/transport/routes.go:86.91,88.19 2 0
identity/http/transport/routes.go:88.19,90.4 1 0
identity/http/transport/routes.go:92.3,97.46 5 0
identity/http/transport/routes.go:97.46,101.4 2 0
identity/http/transport/routes.go:103.3,103.34 1 0
identity/http/transport/routes.go:113.57,116.2 2 0
identity/main.go:43.60,45.16 2 0
identity/main.go:45.16,47.3 1 0
identity/main.go:49.2,49.20 1 0
identity/main.go:52.71,54.24 2 0
identity/main.go:54.24,56.3 1 0
identity/main.go:58.2,58.19 1 0
identity/main.go:61.53,62.40 1 0
identity/main.go:62.40,64.3 1 0
identity/main.go:66.2,66.20 1 0
identity/main.go:69.83,71.16 2 0
identity/main.go:71.16,73.3 1 0
identity/main.go:75.2,76.16 2 0
identity/main.go:76.16,78.3 1 0
identity/main.go:80.2,80.42 1 0
identity/main.go:83.30,85.16 2 0
identity/main.go:85.16,87.3 1 0
identity/main.go:89.2,92.16 3 0
identity/main.go:92.16,94.3 1 0
identity/main.go:96.2,97.16 2 0
identity/main.go:97.16,99.3 1 0
identity/main.go:101.2,111.22 4 0
identity/main.go:111.22,113.3 1 0
identity/main.go:115.2,121.16 3 0
identity/main.go:121.16,123.3 1 0
identity/main.go:125.2,125.12 1 0
identity/main.go:128.13,135.43 1 0
identity/main.go:135.43,137.4 1 0
identity/main.go:139.2,139.16 1 0
identity/main.go:139.16,141.3 1 0
identity/app/lookup.go:15.79,16.44 1 0
identity/app/lookup.go:16.44,18.3 1 0
identity/app/lookup.go:20.2,20.42 1 0
identity/app/lookup.go:20.42,21.45 1 0
identity/app/lookup.go:21.45,23.4 1 0
identity/app/lookup.go:26.2,26.50 1 0
identity/app/lookup.go:30.92,31.42 1 0
identity/app/lookup.go:31.42,32.54 1 0
identity/app/lookup.go:32.54,34.4 1 0
identity/app/lookup.go:37.2,37.50 1 0
identity/app/lookup.go:41.88,42.42 1 0
identity/app/lookup.go:42.42,43.54 1 0
identity/app/lookup.go:43.54,45.4 1 0
identity/app/lookup.go:48.2,48.50 1 0
identity/app/lookup.go:52.106,53.57 1 0
identity/app/lookup.go:53.57,54.60 1 0
identity/app/lookup.go:54.60,56.4 1 0
identity/app/lookup.go:59.2,59.56 1 0
identity/app/lookup.go:63.101,64.42 1 0
identity/app/lookup.go:64.42,65.54 1 0
identity/app/lookup.go:65.54,67.4 1 0
identity/app/lookup.go:70.2,70.57 1 0
identity/app/lookup.go:70.57,71.60 1 0
identity/app/lookup.go:71.60,73.4 1 0
identity/app/lookup.go:76.2,76.38 1 0
identity/app/lookup.go:80.82,81.37 1 0
identity/app/lookup.go:81.37,82.41 1 0
identity/app/lookup.go:82.41,84.4 1 0
identity/app/lookup.go:87.2,87.37 1 0
identity/app/lookup.go:91.93,92.38 1 0
identity/app/lookup.go:92.38,98.37 5 0
identity/app/lookup.go:98.37,100.4 1 0
identity/app/lookup.go:103.2,103.52 1 0
identity/app/lookup.go:107.77,108.38 1 0
identity/app/lookup.go:108.38,109.36 1 0
identity/app/lookup.go:109.36,111.4 1 0
identity/app/lookup.go:114.2,114.29 1 0
identity/app/lookup.go:118.70,119.109 1 0
identity/app/lookup.go:119.109,121.3 1 0
identity/app/lookup.go:123.2,123.12 1 0
identity/app/token.go:41.84,77.69 12 0
identity/app/token.go:77.69,80.3 2 0
identity/app/token.go:82.2,82.99 1 0
identity/app/token.go:82.99,88.3 2 0
identity/app/token.go:90.2,90.23 1 0
identity/app/token.go:90.23,93.3 2 0
identity/app/token.go:95.2,95.17 1 0
identity/app/token.go:104.10,116.2 2 0
identity/app/token.go:123.17,138.25 2 0
identity/app/token.go:138.25,142.3 3 0
identity/app/token.go:144.2,144.23 1 0
identity/app/token.go:144.23,150.71 5 0
identity/app/token.go:150.71,152.4 1 0
identity/app/token.go:152.9,154.4 1 0
identity/app/token.go:157.2,157.32 1 0
identity/app/token.go:157.32,159.3 1 0
identity/app/token.go:161.2,161.15 1 0
identity/app/token.go:164.100,180.26 2 0
identity/app/token.go:180.26,182.3 1 0
identity/app/token.go:184.2,184.15 1 0
identity/app/token.go:187.105,199.2 1 0
identity/app/token.go:201.53,202.23 1 0
identity/app/token.go:202.23,204.3 1 0
identity/app/token.go:206.2,206.27 1 0
identity/app/token.go:209.50,210.25 1 0
identity/app/token.go:210.25,212.3 1 0
identity/app/token.go:214.2,214.20 1 0
identity/app/token.go:217.69,218.17 1 0
identity/app/token.go:218.17,220.3 1 0
identity/app/token.go:222.2,222.41 1 0
identity/app/token.go:225.76,228.16 2 0
identity/app/token.go:228.16,230.3 1 0
identity/app/token.go:232.2,232.46 1 0
identity/app/token.go:235.84,239.65 3 0
identity/app/token.go:239.65,240.29 1 0
identity/app/token.go:240.29,241.12 1 0
identity/app/token.go:244.3,244.74 1 0
identity/app/token.go:247.2,247.37 1 0
identity/app/token.go:255.3,256.57 1 0
identity/app/token.go:256.57,262.43 3 0
identity/app/token.go:262.43,265.4 2 0
identity/app/token.go:267.3,267.112 1 0
identity/app/token.go:276.3,277.47 1 0
identity/app/token.go:277.47,278.43 1 0
identity/app/token.go:278.43,281.87 2 0
identity/app/token.go:281.87,284.5 2 0
identity/app/token.go:295.12,302.29 5 0
identity/app/token.go:302.29,304.3 1 0
identity/app/token.go:306.2,306.14 1 0
identity/app/token.go:314.3,315.19 1 0
identity/app/token.go:315.19,317.3 1 0
identity/app/token.go:319.2,321.59 2 0
identity/app/token.go:321.59,323.3 1 0
identity/app/token.go:332.3,333.65 1 0
identity/app/token.go:333.65,335.3 1 0
identity/app/token.go:337.2,338.62 2 0
identity/app/token.go:338.62,340.3 1 0
identity/app/token.go:342.2,342.47 1 0
identity/app/token.go:342.47,344.3 1 0
identity/app/token.go:347.59,350.17 2 0
identity/app/token.go:350.17,352.3 1 0
identity/app/token.go:354.2,354.42 1 0
identity/app/token.go:354.42,356.3 1 0
identity/app/token.go:358.2,358.15 1 0
identity/app/token.go:366.3,367.57 1 0
identity/app/token.go:367.57,368.54 1 0
identity/app/token.go:368.54,369.12 1 0
identity/app/token.go:372.3,372.62 1 0
identity/app/token.go:376.114,377.47 1 0
identity/app/token.go:377.47,378.49 1 0
identity/app/token.go:378.49,380.4 1 0
identity/app/token.go:384.75,385.49 1 0
identity/app/token.go:385.49,386.90 1 0
identity/app/token.go:386.90,388.4 1 0
identity/app/token.go:391.2,391.14 1 0
identity/app/token.go:394.78,395.35 1 0
identity/app/token.go:395.35,396.76 1 0
identity/app/token.go:396.76,398.4 1 0
identity/app/token.go:401.2,401.14 1 0
identity/app/token.go:404.76,406.2 1 0
identity/app/token.go:408.37,409.15 1 0
identity/app/token.go:410.54,411.14 1 0
identity/app/token.go:412.10,413.15 1 0
identity/app/token.go:418.91,420.2 1 0
identity/app/token.go:429.12,431.2 1 0
identity/app/util.go:30.45,35.2 1 0
identity/app/util.go:38.54,42.16 3 0
identity/app/util.go:42.16,43.57 1 0
identity/app/util.go:46.2,46.30 1 0
identity/app/util.go:50.67,55.16 4 0
identity/app/util.go:55.16,56.46 1 0
identity/app/util.go:59.2,59.15 1 0
[...]
identity/domain/types.go:184.41,184.65 1 0
identity/domain/types.go:187.40,187.73 1 0
identity/domain/types.go:195.44,197.16 2 1
identity/domain/types.go:197.16,199.3 1 0
identity/domain/types.go:201.2,201.35 1 1
identity/domain/types.go:205.36,207.16 2 0
identity/domain/types.go:207.16,208.13 1 0
identity/domain/types.go:211.2,211.15 1 0
identity/domain/types.go:215.45,217.2 1 0
identity/domain/types.go:220.39,220.62 1 0
identity/domain/types.go:223.38,223.70 1 0
identity/domain/types.go:231.52,233.16 2 1
identity/domain/types.go:233.16,235.3 1 0
identity/domain/types.go:237.2,237.34 1 1
identity/domain/types.go:241.44,243.16 2 1
identity/domain/types.go:243.16,244.13 1 0
identity/domain/types.go:247.2,247.13 1 1
identity/domain/types.go:251.46,251.82 1 1
identity/domain/types.go:259.46,261.16 2 1
identity/domain/types.go:261.16,263.3 1 0
identity/domain/types.go:265.2,265.31 1 1
identity/domain/types.go:269.38,271.16 2 1
identity/domain/types.go:271.16,272.13 1 0
identity/domain/types.go:275.2,275.13 1 1
identity/domain/types.go:279.40,279.73 1 1
identity/domain/types.go:287.58,289.16 2 1
identity/domain/types.go:289.16,291.3 1 0
identity/domain/types.go:293.2,293.37 1 1
identity/domain/types.go:297.52,297.91 1 1
identity/domain/types.go:305.52,307.16 2 1
identity/domain/types.go:307.16,309.3 1 0
identity/domain/types.go:311.2,311.34 1 1
identity/domain/types.go:315.46,315.82 1 0
identity/domain/types.go:323.50,325.16 2 1
identity/domain/types.go:325.16,327.3 1 0
identity/domain/types.go:329.2,329.33 1 1
identity/domain/types.go:333.44,333.79 1 0
identity/domain/types.go:341.50,343.16 2 1
identity/domain/types.go:343.16,345.3 1 0
identity/domain/types.go:347.2,347.33 1 1
identity/domain/types.go:351.44,351.79 1 0
identity/domain/types.go:359.48,361.16 2 1
identity/domain/types.go:361.16,363.3 1 0
identity/domain/types.go:365.2,365.32 1 1
identity/domain/types.go:369.40,371.16 2 1
identity/domain/types.go:371.16,372.13 1 0
identity/domain/types.go:375.2,375.17 1 1
identity/domain/types.go:379.42,379.76 1 1
identity/domain/types.go:387.48,389.16 2 1
identity/domain/types.go:389.16,391.3 1 0
identity/domain/types.go:393.2,393.32 1 1
identity/domain/types.go:397.40,399.16 2 1
identity/domain/types.go:399.16,400.13 1 0
identity/domain/types.go:403.2,403.17 1 1
identity/domain/types.go:407.42,407.76 1 1
identity/domain/types.go:415.54,417.16 2 1
identity/domain/types.go:417.16,419.3 1 0
identity/domain/types.go:421.2,421.35 1 1
identity/domain/types.go:425.46,427.16 2 1
identity/domain/types.go:427.16,428.13 1 0
identity/domain/types.go:431.2,431.20 1 1
identity/domain/types.go:435.48,435.85 1 1
identity/domain/types.go:443.42,445.16 2 1
identity/domain/types.go:445.16,447.3 1 0
identity/domain/types.go:449.2,449.29 1 1
identity/domain/types.go:453.34,455.16 2 1
identity/domain/types.go:455.16,456.13 1 0
identity/domain/types.go:459.2,459.14 1 1
identity/domain/types.go:463.36,463.67 1 1
identity/domain/types.go:471.54,473.16 2 1
identity/domain/types.go:473.16,475.3 1 0
identity/domain/types.go:477.2,477.35 1 1
identity/domain/types.go:481.48,481.85 1 1
identity/domain/types.go:491.47,493.2 1 1
identity/domain/types.go:496.50,496.79 1 1
identity/domain/types.go:499.49,499.84 1 1
identity/domain/types.go:507.64,509.16 2 1
identity/domain/types.go:509.16,511.3 1 0
identity/domain/types.go:513.2,513.40 1 1
identity/domain/types.go:517.58,517.100 1 0
identity/domain/types.go:525.62,527.16 2 1
identity/domain/types.go:527.16,529.3 1 0
identity/domain/types.go:531.2,531.39 1 1
identity/domain/types.go:535.56,535.97 1 0
identity/http/handlers/adapter.go:28.23,32.16 3 1
identity/http/handlers/adapter.go:32.16,33.13 1 0
identity/http/handlers/adapter.go:36.2,44.31 4 1
identity/http/handlers/adapter.go:57.51,59.2 1 1
identity/http/handlers/adapter.go:61.35,63.2 1 1
identity/http/handlers/adapter.go:65.35,67.2 1 0
identity/http/handlers/adapter.go:69.35,71.2 1 1
identity/http/handlers/adapter.go:73.37,75.2 1 1
identity/http/handlers/adapter.go:77.36,82.2 1 1
identity/http/handlers/adapter.go:84.34,89.2 1 1
identity/http/handlers/adapter.go:91.41,96.2 1 0
identity/http/handlers/adapter.go:98.53,103.2 3 1
identity/http/handlers/adapter.go:105.59,106.14 1 1
identity/http/handlers/adapter.go:108.30,109.25 1 1
identity/http/handlers/adapter.go:110.42,111.34 1 1
identity/http/handlers/adapter.go:112.36,113.27 1 1
identity/http/handlers/adapter.go:117.32,118.26 1 0
identity/http/handlers/adapter.go:119.10,120.22 1 0
identity/http/handlers/adapter.go:124.57,125.14 1 1
identity/http/handlers/adapter.go:128.30,129.33 1 1
identity/http/handlers/adapter.go:132.30,133.29 1 0
identity/http/handlers/adapter.go:134.10,135.31 1 1
identity/http/handlers/adapter.go:139.64,146.2 2 1
identity/http/handlers/adapter.go:149.59,150.32 1 1
identity/http/handlers/adapter.go:150.32,152.3 1 1
identity/http/handlers/adapter.go:154.2,154.43 1 1
identity/http/handlers/adapter.go:154.43,156.3 1 1
identity/http/handlers/adapter.go:158.2,159.36 2 1
identity/http/handlers/auth_handler.go:19.77,21.16 2 1
identity/http/handlers/auth_handler.go:21.16,23.3 1 1
identity/http/handlers/auth_handler.go:25.2,29.16 4 1
identity/http/handlers/auth_handler.go:29.16,31.3 1 0
identity/http/handlers/auth_handler.go:33.2,34.16 2 1
identity/http/handlers/auth_handler.go:34.16,36.3 1 0
identity/http/handlers/auth_handler.go:38.2,41.16 3 1
identity/http/handlers/auth_handler.go:41.16,43.3 1 1
identity/http/handlers/auth_handler.go:45.2,46.16 2 1
identity/http/handlers/auth_handler.go:46.16,48.3 1 1
identity/http/handlers/auth_handler.go:50.2,65.16 4 1
identity/http/handlers/auth_handler.go:65.16,67.3 1 0
identity/http/handlers/auth_handler.go:69.2,69.28 1 1
identity/http/handlers/auth_handler.go:79.104,83.16 3 1
identity/http/handlers/auth_handler.go:83.16,85.3 1 0
identity/http/handlers/auth_handler.go:87.2,88.16 2 1
identity/http/handlers/auth_handler.go:88.16,90.3 1 0
identity/http/handlers/auth_handler.go:92.2,95.16 3 1
identity/http/handlers/auth_handler.go:95.16,97.3 1 0
identity/http/handlers/auth_handler.go:99.2,100.16 2 1
identity/http/handlers/auth_handler.go:100.16,102.3 1 0
identity/http/handlers/auth_handler.go:104.2,104.116 1 1
identity/http/handlers/auth_handler.go:107.73,108.39 1 1
identity/http/handlers/auth_handler.go:108.39,110.3 1 1
identity/http/handlers/auth_handler.go:112.2,115.16 3 1
identity/http/handlers/auth_handler.go:115.16,117.3 1 0
identity/http/handlers/auth_handler.go:119.2,120.21 2 1
identity/http/handlers/auth_handler.go:120.21,122.3 1 0
identity/http/handlers/auth_handler.go:124.2,125.19 2 1
identity/http/handlers/auth_handler.go:125.19,127.3 1 0
identity/http/handlers/auth_handler.go:129.2,130.16 2 1
identity/http/handlers/auth_handler.go:130.16,132.3 1 1
identity/http/handlers/auth_handler.go:134.2,140.16 3 1
identity/http/handlers/auth_handler.go:140.16,142.3 1 0
identity/http/handlers/auth_handler.go:144.2,144.107 1 1
identity/http/handlers/auth_handler.go:147.89,151.24 3 1
identity/http/handlers/auth_handler.go:151.24,153.3 1 0
identity/http/handlers/auth_handler.go:155.2,157.32 2 1
identity/http/handlers/auth_handler.go:157.32,160.3 2 1
identity/http/handlers/auth_handler.go:160.8,162.33 2 1
identity/http/handlers/auth_handler.go:162.33,164.4 1 1
identity/http/handlers/auth_handler.go:166.3,167.29 2 1
identity/http/handlers/auth_handler.go:170.2,175.3 1 1
identity/http/handlers/auth_handler.go:199.86,203.16 3 1
identity/http/handlers/auth_handler.go:203.16,205.3 1 1
identity/http/handlers/auth_handler.go:207.2,209.38 2 1
identity/http/handlers/auth_handler.go:209.38,216.3 1 1
identity/http/handlers/auth_handler.go:218.2,218.15 1 1
identity/http/handlers/auth_handler.go:221.98,222.19 1 1
identity/http/handlers/auth_handler.go:222.19,224.3 1 0
identity/http/handlers/auth_handler.go:226.2,229.40 3 1
identity/http/handlers/auth_handler.go:229.40,232.3 2 0
identity/http/handlers/auth_handler.go:234.2,234.15 1 1
identity/http/handlers/auth_handler.go:237.89,240.42 2 1
identity/http/handlers/auth_handler.go:240.42,242.3 1 0
identity/http/handlers/auth_handler.go:244.2,246.59 2 1
identity/http/handlers/auth_handler.go:246.59,247.51 1 0
identity/http/handlers/auth_handler.go:247.51,248.12 1 0
identity/http/handlers/auth_handler.go:251.3,253.48 2 0
identity/http/handlers/auth_handler.go:253.48,255.4 1 0
identity/http/handlers/auth_handler.go:258.2,258.17 1 1
identity/http/handlers/auth_handler.go:261.67,262.57 1 0
identity/http/handlers/auth_handler.go:262.57,263.51 1 0
identity/http/handlers/auth_handler.go:263.51,265.4 1 0
identity/http/handlers/auth_handler.go:268.2,268.17 1 0
identity/http/handlers/config_handler.go:21.74,24.9 2 0
identity/http/handlers/config_handler.go:25.29,26.48 1 0
identity/http/handlers/config_handler.go:27.78,28.54 1 0
identity/http/handlers/config_handler.go:29.74,30.50 1 0
identity/http/handlers/config_handler.go:31.81,32.57 1 0
identity/http/handlers/config_handler.go:33.10,34.47 1 0
identity/http/handlers/config_handler.go:38.61,45.2 1 0
identity/http/handlers/config_handler.go:47.78,49.16 2 0
identity/http/handlers/config_handler.go:49.16,51.3 1 0
identity/http/handlers/config_handler.go:53.2,54.16 2 0
identity/http/handlers/config_handler.go:54.16,56.3 1 0
identity/http/handlers/config_handler.go:58.2,59.16 2 0
identity/http/handlers/config_handler.go:59.16,61.3 1 0
identity/http/handlers/config_handler.go:63.2,74.3 3 0
identity/http/handlers/config_handler.go:77.74,79.16 2 0
identity/http/handlers/config_handler.go:79.16,81.3 1 0
identity/http/handlers/config_handler.go:83.2,84.16 2 0
identity/http/handlers/config_handler.go:84.16,86.3 1 0
identity/http/handlers/config_handler.go:88.2,89.16 2 0
identity/http/handlers/config_handler.go:89.16,91.3 1 0
identity/http/handlers/config_handler.go:93.2,103.3 4 0
identity/http/handlers/config_handler.go:106.81,108.16 2 0
identity/http/handlers/config_handler.go:108.16,110.3 1 0
identity/http/handlers/config_handler.go:112.2,113.16 2 0
identity/http/handlers/config_handler.go:113.16,115.3 1 0
identity/http/handlers/config_handler.go:117.2,118.16 2 0
identity/http/handlers/config_handler.go:118.16,120.3 1 0
identity/http/handlers/config_handler.go:122.2,127.38 2 0
identity/http/handlers/config_handler.go:127.38,129.3 1 0
identity/http/handlers/config_handler.go:131.2,138.3 2 0
identity/http/handlers/config_handler.go:141.101,145.30 3 0
identity/http/handlers/config_handler.go:145.30,147.3 1 0
identity/http/handlers/config_handler.go:149.2,153.16 4 0
identity/http/handlers/config_handler.go:153.16,155.3 1 0
identity/http/handlers/config_handler.go:157.2,158.16 2 0
identity/http/handlers/config_handler.go:158.16,160.3 1 0
identity/http/handlers/config_handler.go:162.2,162.83 1 0
identity/http/handlers/discovery_handler.go:12.77,14.23 2 1
identity/http/handlers/discovery_handler.go:14.23,16.3 1 1
identity/http/handlers/discovery_handler.go:18.2,21.16 3 1
identity/http/handlers/discovery_handler.go:21.16,23.3 1 0
identity/http/handlers/discovery_handler.go:25.2,29.10 4 1
identity/http/handlers/discovery_handler.go:29.10,31.3 1 1
identity/http/handlers/discovery_handler.go:33.2,34.11 2 1
identity/http/handlers/discovery_handler.go:34.11,36.3 1 1
identity/http/handlers/discovery_handler.go:38.2,39.16 2 1
identity/http/handlers/discovery_handler.go:39.16,41.3 1 0
identity/http/handlers/discovery_handler.go:43.2,43.21 1 1
identity/http/handlers/discovery_handler.go:46.66,61.16 3 1
identity/http/handlers/discovery_handler.go:61.16,63.3 1 0
identity/http/handlers/discovery_handler.go:65.2,65.21 1 1
identity/http/handlers/discovery_handler.go:68.66,82.16 3 1
identity/http/handlers/discovery_handler.go:82.16,84.3 1 0
identity/http/handlers/discovery_handler.go:86.2,86.21 1 1
identity/http/handlers/discovery_handler.go:89.78,125.2 1 1
identity/http/handlers/exports.go:12.70,14.2 1 1
identity/http/handlers/exports.go:17.69,19.2 1 1
identity/http/handlers/exports.go:22.73,24.2 1 1
identity/http/handlers/exports.go:27.69,29.2 1 1
identity/http/handlers/exports.go:32.69,34.2 1 1
identity/http/handlers/exports.go:37.73,39.2 1 1
identity/http/handlers/exports.go:42.68,44.2 1 1
identity/http/handlers/exports.go:47.72,49.2 1 1
identity/http/handlers/index_handler.go:11.73,12.58 1 1
identity/http/handlers/index_handler.go:12.58,14.3 1 0
identity/http/handlers/index_handler.go:16.2,16.53 1 1
identity/http/handlers/index_handler.go:16.53,18.3 1 0
identity/http/handlers/index_handler.go:20.2,20.29 1 1
identity/http/handlers/index_handler.go:20.29,22.3 1 1
identity/http/handlers/index_handler.go:24.2,27.16 3 1
identity/http/handlers/index_handler.go:27.16,29.3 1 0
identity/http/handlers/index_handler.go:31.2,31.28 1 1
identity/http/handlers/index_handler.go:34.58,36.2 1 1
identity/http/handlers/jwt_parse.go:28.86,30.16 2 1
identity/http/handlers/jwt_parse.go:30.16,32.3 1 0
identity/http/handlers/jwt_parse.go:34.2,40.8 1 1
identity/http/handlers/jwt_parse.go:43.101,45.16 2 1
identity/http/handlers/jwt_parse.go:45.16,47.3 1 0
identity/http/handlers/jwt_parse.go:49.2,53.8 1 1
identity/http/handlers/jwt_parse.go:56.56,58.9 2 1
identity/http/handlers/jwt_parse.go:58.9,60.3 1 1
identity/http/handlers/jwt_parse.go:62.2,62.14 1 1
identity/http/handlers/parse.go:13.61,14.30 1 1
identity/http/handlers/parse.go:14.30,15.30 1 1
identity/http/handlers/parse.go:15.30,16.39 1 1
identity/http/handlers/parse.go:16.39,18.5 1 1
identity/http/handlers/parse.go:22.2,22.12 1 1
identity/http/handlers/parse.go:25.52,26.61 1 1
identity/http/handlers/parse.go:26.61,28.3 1 1
identity/http/handlers/parse.go:30.2,31.32 2 1
identity/http/handlers/parse.go:31.32,34.16 2 1
identity/http/handlers/parse.go:36.75,37.21 1 1
identity/http/handlers/parse.go:38.11,39.16 1 0
identity/http/handlers/parse.go:43.2,43.19 1 0
identity/http/handlers/parse.go:46.51,48.73 2 1
identity/http/handlers/parse.go:48.73,50.3 1 1
identity/http/handlers/parse.go:52.2,52.38 1 1
identity/http/handlers/test_token_handler.go:19.77,21.36 2 0
identity/http/handlers/test_token_handler.go:21.36,23.3 1 0
identity/http/handlers/test_token_handler.go:25.2,29.16 4 0
identity/http/handlers/test_token_handler.go:29.16,31.3 1 0
identity/http/handlers/test_token_handler.go:33.2,34.21 2 0
identity/http/handlers/test_token_handler.go:34.21,36.3 1 0
identity/http/handlers/test_token_handler.go:38.2,39.17 2 0
identity/http/handlers/test_token_handler.go:39.17,41.3 1 0
identity/http/handlers/test_token_handler.go:43.2,57.52 3 0
identity/http/handlers/test_token_handler.go:60.74,61.20 1 0
identity/http/handlers/test_token_handler.go:61.20,62.63 1 0
identity/http/handlers/test_token_handler.go:62.63,64.4 1 0
identity/http/handlers/test_token_handler.go:67.2,67.41 1 0
identity/http/handlers/test_token_handler.go:67.41,71.3 2 0
identity/http/handlers/test_token_handler.go:73.2,73.12 1 0
identity/http/handlers/token_handler.go:14.73,16.16 2 1
identity/http/handlers/token_handler.go:16.16,18.3 1 0
identity/http/handlers/token_handler.go:20.2,21.21 2 1
identity/http/handlers/token_handler.go:21.21,23.3 1 1
identity/http/handlers/token_handler.go:25.2,26.19 2 1
identity/http/handlers/token_handler.go:26.19,28.3 1 1
identity/http/handlers/token_handler.go:30.2,30.68 1 1
identity/http/handlers/token_handler.go:33.104,39.16 5 1
identity/http/handlers/token_handler.go:39.16,41.3 1 0
identity/http/handlers/token_handler.go:43.2,44.19 2 1
identity/http/handlers/token_handler.go:44.19,46.3 1 1
identity/http/handlers/token_handler.go:48.2,60.15 2 1
identity/http/handlers/token_handler.go:61.46,62.51 1 1
identity/http/handlers/token_handler.go:63.37,64.60 1 1
identity/http/handlers/token_handler.go:65.37,66.64 1 1
identity/http/handlers/token_handler.go:67.32,68.68 1 1
identity/http/handlers/token_handler.go:69.10,70.108 1 0
identity/http/handlers/token_handler.go:74.67,75.13 1 1
identity/http/handlers/token_handler.go:76.18,77.35 1 1
identity/http/handlers/token_handler.go:78.14,79.31 1 0
identity/http/handlers/token_handler.go:80.28,81.44 1 1
identity/http/handlers/token_handler.go:82.28,83.44 1 1
identity/http/handlers/token_handler.go:84.23,85.39 1 1
identity/http/handlers/token_handler.go:86.10,87.97 1 1
identity/http/handlers/token_handler.go:93.38,95.16 2 1
identity/http/handlers/token_handler.go:95.16,97.3 1 1
identity/http/handlers/token_handler.go:99.2,102.18 3 1
identity/http/handlers/token_handler.go:107.38,111.16 3 1
identity/http/handlers/token_handler.go:111.16,113.3 1 0
identity/http/handlers/token_handler.go:115.2,116.16 2 1
identity/http/handlers/token_handler.go:116.16,118.3 1 0
identity/http/handlers/token_handler.go:120.2,121.22 2 1
identity/http/handlers/token_handler.go:121.22,123.3 1 1
identity/http/handlers/token_handler.go:125.2,127.18 2 1
identity/http/handlers/token_handler.go:132.38,134.21 2 1
identity/http/handlers/token_handler.go:134.21,136.3 1 0
identity/http/handlers/token_handler.go:138.2,139.80 2 1
identity/http/handlers/token_handler.go:139.80,141.3 1 0
identity/http/handlers/token_handler.go:143.2,143.30 1 1
identity/http/handlers/token_handler.go:143.30,145.3 1 1
identity/http/handlers/token_handler.go:147.2,150.68 3 1
identity/http/handlers/token_handler.go:150.68,152.3 1 0
identity/http/handlers/token_handler.go:154.2,154.18 1 1
identity/http/handlers/token_handler.go:159.38,161.21 2 1
identity/http/handlers/token_handler.go:161.21,163.3 1 0
identity/http/handlers/token_handler.go:165.2,165.30 1 1
identity/http/handlers/token_handler.go:165.30,167.3 1 1
identity/http/handlers/token_handler.go:169.2,171.68 2 1
identity/http/handlers/token_handler.go:171.68,173.3 1 0
identity/http/handlers/token_handler.go:175.2,175.18 1 1
identity/http/handlers/token_handler.go:178.99,180.19 2 1
identity/http/handlers/token_handler.go:180.19,182.3 1 0
identity/http/handlers/token_handler.go:184.2,184.60 1 1
identity/http/handlers/token_handler.go:184.60,185.61 1 0
identity/http/handlers/token_handler.go:185.61,187.4 1 0
identity/http/handlers/token_handler.go:190.2,190.15 1 1
identity/http/handlers/token_handler.go:193.83,194.31 1 1
identity/http/handlers/token_handler.go:194.31,196.3 1 0
identity/http/handlers/token_handler.go:198.2,199.16 2 1
identity/http/handlers/token_handler.go:199.16,201.3 1 0
identity/http/handlers/token_handler.go:203.2,204.16 2 1
identity/http/handlers/token_handler.go:204.16,206.3 1 0
identity/http/handlers/token_handler.go:208.2,208.16 1 1
identity/http/handlers/token_handler.go:211.47,212.27 1 1
identity/http/handlers/token_handler.go:212.27,214.3 1 0
identity/http/handlers/token_handler.go:216.2,216.17 1 1
identity/http/handlers/token_handler.go:219.66,227.29 2 1
identity/http/handlers/token_handler.go:227.29,229.3 1 0
identity/http/handlers/token_handler.go:231.2,231.34 1 1
identity/http/handlers/token_handler.go:231.34,233.3 1 1
identity/http/handlers/token_handler.go:235.2,235.32 1 1
identity/http/handlers/token_handler.go:235.32,237.3 1 1
identity/http/handlers/token_handler.go:239.2,240.16 2 1
identity/http/handlers/token_handler.go:240.16,242.3 1 0
identity/http/handlers/token_handler.go:244.2,252.3 1 1
identity/http/handlers/token_handler.go:255.50,257.28 2 1
identity/http/handlers/token_handler.go:257.28,259.3 1 0
identity/http/handlers/token_handler.go:261.2,261.28 1 1
identity/http/transport/routes.go:19.49,21.2 1 1
identity/http/transport/routes.go:23.56,26.96 2 1
identity/http/transport/routes.go:26.96,27.72 1 1
identity/http/transport/routes.go:27.72,29.4 1 1
identity/http/transport/routes.go:32.2,67.28 29 1
identity/http/transport/routes.go:70.59,72.2 1 1
identity/http/transport/routes.go:74.58,75.91 1 1
identity/http/transport/routes.go:75.91,82.3 4 1
identity/http/transport/routes.go:85.59,86.91 1 1
identity/http/transport/routes.go:86.91,88.19 2 1
identity/http/transport/routes.go:88.19,90.4 1 1
identity/http/transport/routes.go:92.3,97.46 5 1
identity/http/transport/routes.go:97.46,101.4 2 1
identity/http/transport/routes.go:103.3,103.34 1 1
identity/http/transport/routes.go:113.57,116.2 2 1
