mode: set
identity/http/transport/routes.go:20.49,22.2 1 1
identity/http/transport/routes.go:24.56,27.96 2 1
identity/http/transport/routes.go:27.96,28.72 1 1
identity/http/transport/routes.go:28.72,30.4 1 0
identity/http/transport/routes.go:33.2,37.28 4 1
identity/http/transport/routes.go:43.3,46.2 2 1
identity/http/transport/routes.go:51.3,56.4 1 1
identity/http/transport/routes.go:56.4,58.3 1 1
identity/http/transport/routes.go:60.2,63.4 1 1
identity/http/transport/routes.go:63.4,65.3 1 1
identity/http/transport/routes.go:67.2,78.4 6 1
identity/http/transport/routes.go:78.4,79.10 1 1
identity/http/transport/routes.go:80.44,81.51 1 1
identity/http/transport/routes.go:82.40,83.47 1 1
identity/http/transport/routes.go:84.11,85.47 1 1
identity/http/transport/routes.go:93.3,100.2 6 1
identity/http/transport/routes.go:102.59,104.2 1 1
identity/http/transport/routes.go:106.58,107.91 1 1
identity/http/transport/routes.go:107.91,119.3 4 1
identity/http/transport/routes.go:122.59,123.91 1 1
identity/http/transport/routes.go:123.91,125.19 2 1
identity/http/transport/routes.go:125.19,127.4 1 1
identity/http/transport/routes.go:129.3,135.46 6 1
identity/http/transport/routes.go:135.46,139.4 2 1
identity/http/transport/routes.go:141.3,141.34 1 0
identity/http/transport/routes.go:151.57,154.2 2 1
identity/domain/config.go:15.50,16.30 1 1
identity/domain/config.go:16.30,18.3 1 0
identity/domain/config.go:20.2,20.38 1 1
identity/domain/config.go:24.41,24.66 1 1
identity/domain/config.go:44.19,45.39 1 1
identity/domain/config.go:45.39,47.3 1 0
identity/domain/config.go:49.2,49.28 1 1
identity/domain/config.go:49.28,51.3 1 0
identity/domain/config.go:53.2,60.8 1 1
identity/domain/config.go:64.42,64.68 1 1
identity/domain/config.go:67.40,67.62 1 1
identity/domain/config.go:70.59,70.93 1 1
identity/domain/config.go:73.39,73.63 1 1
identity/domain/config.go:76.37,76.60 1 1
identity/domain/config.go:79.41,79.66 1 1
identity/domain/config.go:82.40,89.2 1 0
identity/domain/config.go:92.55,94.2 1 0
identity/domain/config.go:114.19,123.2 1 1
identity/domain/config.go:126.55,126.86 1 1
identity/domain/config.go:129.60,129.95 1 1
identity/domain/config.go:132.70,134.2 1 1
identity/domain/config.go:137.69,139.2 1 1
identity/domain/config.go:142.57,142.90 1 1
identity/domain/config.go:145.58,145.93 1 1
identity/domain/config.go:148.82,155.2 3 0
identity/domain/config.go:165.81,167.2 1 1
identity/domain/config.go:170.33,170.52 1 1
identity/domain/config.go:173.39,173.61 1 1
identity/domain/config.go:176.51,176.79 1 1
identity/domain/config.go:187.92,189.2 1 1
identity/domain/config.go:192.30,192.48 1 1
identity/domain/config.go:195.36,195.57 1 1
identity/domain/config.go:198.48,198.75 1 1
identity/domain/config.go:201.35,201.57 1 1
identity/domain/config.go:204.54,205.36 1 0
identity/domain/config.go:205.36,207.60 2 0
identity/domain/config.go:207.60,209.4 1 0
identity/domain/config.go:212.2,212.14 1 0
identity/domain/config.go:222.49,224.2 1 1
identity/domain/config.go:227.33,227.52 1 1
identity/domain/config.go:230.37,230.58 1 1
identity/domain/config.go:251.8,260.2 1 1
identity/domain/config.go:263.30,263.48 1 1
identity/domain/config.go:266.38,266.62 1 1
identity/domain/config.go:269.38,269.62 1 1
identity/domain/config.go:272.44,272.71 1 1
identity/domain/config.go:275.32,275.53 1 1
identity/domain/config.go:278.39,278.61 1 1
identity/domain/config.go:296.10,304.2 1 1
identity/domain/config.go:312.10,320.2 1 0
identity/domain/config.go:323.32,323.49 1 1
identity/domain/config.go:326.37,326.58 1 1
identity/domain/config.go:329.46,329.71 1 0
identity/domain/config.go:332.46,332.71 1 1
identity/domain/config.go:335.62,335.95 1 1
identity/domain/config.go:338.54,339.27 1 1
identity/domain/config.go:339.27,340.20 1 0
identity/domain/config.go:340.20,342.4 1 0
identity/domain/config.go:344.3,344.13 1 0
identity/domain/config.go:347.2,347.19 1 1
identity/domain/config.go:347.19,349.3 1 0
identity/domain/config.go:351.2,351.36 1 1
identity/domain/config.go:351.36,353.3 1 0
identity/domain/config.go:355.2,355.12 1 1
identity/domain/config.go:366.113,372.2 1 1
identity/domain/config.go:375.70,377.2 1 1
identity/domain/config.go:380.68,380.104 1 1
identity/domain/config.go:383.73,385.2 1 1
identity/domain/error.go:46.54,48.2 1 1
identity/domain/error.go:51.42,53.2 1 1
identity/domain/loader.go:79.65,81.16 2 1
identity/domain/loader.go:81.16,83.3 1 1
identity/domain/loader.go:85.2,86.16 2 1
identity/domain/loader.go:86.16,88.3 1 0
identity/domain/loader.go:90.2,93.16 3 1
identity/domain/loader.go:93.16,95.3 1 0
identity/domain/loader.go:97.2,97.25 1 1
identity/domain/loader.go:100.61,104.16 3 1
identity/domain/loader.go:104.16,106.3 1 0
identity/domain/loader.go:108.2,109.16 2 1
identity/domain/loader.go:109.16,111.3 1 0
identity/domain/loader.go:113.2,117.16 2 1
identity/domain/loader.go:117.16,119.3 1 0
identity/domain/loader.go:121.2,121.21 1 1
identity/domain/loader.go:121.21,123.40 2 1
identity/domain/loader.go:123.40,125.4 1 1
identity/domain/loader.go:127.3,127.78 1 1
identity/domain/loader.go:130.2,130.12 1 1
identity/domain/loader.go:133.50,136.40 2 1
identity/domain/loader.go:136.40,138.17 2 1
identity/domain/loader.go:138.17,140.4 1 0
identity/domain/loader.go:142.3,142.37 1 1
identity/domain/loader.go:145.2,146.16 2 1
identity/domain/loader.go:146.16,148.3 1 0
identity/domain/loader.go:150.2,150.18 1 1
identity/domain/loader.go:153.50,155.16 2 1
identity/domain/loader.go:155.16,157.3 1 0
identity/domain/loader.go:159.2,160.16 2 1
identity/domain/loader.go:160.16,162.3 1 0
identity/domain/loader.go:164.2,165.16 2 1
identity/domain/loader.go:165.16,167.3 1 0
identity/domain/loader.go:169.2,170.16 2 1
identity/domain/loader.go:170.16,172.3 1 0
identity/domain/loader.go:174.2,175.16 2 1
identity/domain/loader.go:175.16,177.3 1 0
identity/domain/loader.go:179.2,180.16 2 1
identity/domain/loader.go:180.16,182.3 1 0
identity/domain/loader.go:184.2,185.16 2 1
identity/domain/loader.go:185.16,187.3 1 0
identity/domain/loader.go:189.2,189.18 1 1
identity/domain/loader.go:192.82,195.27 2 1
identity/domain/loader.go:195.27,197.17 2 1
identity/domain/loader.go:197.17,199.4 1 0
identity/domain/loader.go:201.3,201.44 1 1
identity/domain/loader.go:204.2,204.20 1 1
identity/domain/loader.go:207.77,209.16 2 1
identity/domain/loader.go:209.16,211.3 1 0
identity/domain/loader.go:213.2,214.16 2 1
identity/domain/loader.go:214.16,216.3 1 0
identity/domain/loader.go:218.2,219.16 2 1
identity/domain/loader.go:219.16,221.3 1 0
identity/domain/loader.go:223.2,224.16 2 1
identity/domain/loader.go:224.16,226.3 1 0
identity/domain/loader.go:228.2,229.16 2 1
identity/domain/loader.go:229.16,231.3 1 0
identity/domain/loader.go:233.2,234.16 2 1
identity/domain/loader.go:234.16,236.3 1 0
identity/domain/loader.go:238.2,240.18 2 1
identity/domain/loader.go:243.62,246.27 2 1
identity/domain/loader.go:246.27,248.17 2 1
identity/domain/loader.go:248.17,250.4 1 1
identity/domain/loader.go:252.3,252.39 1 1
identity/domain/loader.go:255.2,255.20 1 1
identity/domain/loader.go:258.52,261.27 2 1
identity/domain/loader.go:261.27,263.17 2 1
identity/domain/loader.go:263.17,265.4 1 0
identity/domain/loader.go:267.3,267.33 1 1
identity/domain/loader.go:270.2,270.20 1 1
identity/domain/loader.go:273.46,275.16 2 1
identity/domain/loader.go:275.16,277.3 1 0
identity/domain/loader.go:279.2,280.16 2 1
identity/domain/loader.go:280.16,282.3 1 0
identity/domain/loader.go:284.2,285.16 2 1
identity/domain/loader.go:285.16,287.3 1 0
identity/domain/loader.go:289.2,289.51 1 1
identity/domain/loader.go:292.49,295.27 2 1
identity/domain/loader.go:295.27,297.17 2 1
identity/domain/loader.go:297.17,299.4 1 0
identity/domain/loader.go:301.3,301.32 1 1
identity/domain/loader.go:304.2,304.20 1 1
identity/domain/loader.go:307.43,309.16 2 1
identity/domain/loader.go:309.16,311.3 1 0
identity/domain/loader.go:313.2,314.16 2 1
identity/domain/loader.go:314.16,316.3 1 0
identity/domain/loader.go:318.2,319.16 2 1
identity/domain/loader.go:319.16,321.3 1 0
identity/domain/loader.go:323.2,324.16 2 1
identity/domain/loader.go:324.16,326.3 1 0
identity/domain/loader.go:328.2,328.57 1 1
identity/domain/loader.go:331.52,334.27 2 1
identity/domain/loader.go:334.27,336.17 2 1
identity/domain/loader.go:336.17,338.4 1 0
identity/domain/loader.go:340.3,341.17 2 1
identity/domain/loader.go:341.17,343.4 1 0
identity/domain/loader.go:345.3,345.51 1 1
identity/domain/loader.go:348.2,348.20 1 1
identity/domain/loader.go:351.49,354.27 2 1
identity/domain/loader.go:354.27,356.17 2 1
identity/domain/loader.go:356.17,358.4 1 0
identity/domain/loader.go:360.3,360.33 1 1
identity/domain/loader.go:363.2,363.20 1 1
identity/domain/loader.go:366.44,368.16 2 1
identity/domain/loader.go:368.16,370.3 1 0
identity/domain/loader.go:372.2,373.16 2 1
identity/domain/loader.go:373.16,375.3 1 0
identity/domain/loader.go:377.2,378.16 2 1
identity/domain/loader.go:378.16,380.3 1 0
identity/domain/loader.go:382.2,383.16 2 1
identity/domain/loader.go:383.16,385.3 1 0
identity/domain/loader.go:387.2,388.16 2 1
identity/domain/loader.go:388.16,390.3 1 0
identity/domain/loader.go:392.2,393.16 2 1
identity/domain/loader.go:393.16,395.3 1 0
identity/domain/loader.go:397.2,399.16 2 1
identity/domain/loader.go:402.80,405.38 2 1
identity/domain/loader.go:405.38,407.17 2 1
identity/domain/loader.go:407.17,409.4 1 1
identity/domain/loader.go:411.3,411.32 1 1
identity/domain/loader.go:414.2,414.20 1 1
identity/domain/loader.go:417.55,420.27 2 1
identity/domain/loader.go:420.27,422.17 2 1
identity/domain/loader.go:422.17,424.4 1 0
identity/domain/loader.go:426.3,426.35 1 1
identity/domain/loader.go:429.2,429.20 1 1
identity/domain/loader.go:432.50,434.16 2 1
identity/domain/loader.go:434.16,436.3 1 0
identity/domain/loader.go:438.2,439.16 2 1
identity/domain/loader.go:439.16,441.3 1 0
identity/domain/loader.go:443.2,444.16 2 1
identity/domain/loader.go:444.16,446.3 1 0
identity/domain/loader.go:448.2,449.16 2 1
identity/domain/loader.go:449.16,451.3 1 0
identity/domain/loader.go:453.2,453.28 1 1
identity/domain/loader.go:453.28,457.3 2 0
identity/domain/loader.go:459.2,460.16 2 1
identity/domain/loader.go:460.16,462.3 1 0
identity/domain/loader.go:464.2,466.16 2 1
identity/domain/loader.go:469.94,472.27 2 1
identity/domain/loader.go:472.27,474.17 2 1
identity/domain/loader.go:474.17,476.4 1 0
identity/domain/loader.go:478.3,478.38 1 1
identity/domain/loader.go:481.2,481.20 1 1
identity/domain/loader.go:484.88,486.16 2 1
identity/domain/loader.go:486.16,488.3 1 0
identity/domain/loader.go:490.2,491.16 2 1
identity/domain/loader.go:491.16,495.3 1 0
identity/domain/loader.go:497.2,499.38 2 1
identity/domain/loader.go:499.38,501.17 2 1
identity/domain/loader.go:501.17,503.4 1 0
identity/domain/loader.go:505.3,505.30 1 1
identity/domain/loader.go:508.2,508.79 1 1
identity/domain/non_empty_string.go:16.60,17.24 1 1
identity/domain/non_empty_string.go:17.24,19.3 1 1
identity/domain/non_empty_string.go:21.2,21.40 1 1
identity/domain/non_empty_string.go:25.52,27.16 2 1
identity/domain/non_empty_string.go:27.16,28.13 1 1
identity/domain/non_empty_string.go:31.2,31.10 1 0
identity/domain/non_empty_string.go:35.57,37.2 1 0
identity/domain/non_empty_string.go:39.74,41.2 1 1
identity/domain/types.go:23.93,29.55 2 1
identity/domain/types.go:29.55,33.3 2 1
identity/domain/types.go:34.2,34.18 1 1
identity/domain/types.go:34.18,38.3 2 0
identity/domain/types.go:40.2,40.20 1 1
identity/domain/types.go:49.48,51.16 2 1
identity/domain/types.go:51.16,53.3 1 1
identity/domain/types.go:55.2,55.37 1 1
identity/domain/types.go:59.40,61.16 2 1
identity/domain/types.go:61.16,62.13 1 1
identity/domain/types.go:65.2,65.17 1 1
identity/domain/types.go:69.49,71.2 1 1
identity/domain/types.go:74.43,74.68 1 1
identity/domain/types.go:77.48,77.77 1 0
identity/domain/types.go:80.56,82.2 1 0
identity/domain/types.go:84.73,86.2 1 0
identity/domain/types.go:94.41,96.2 1 0
identity/domain/types.go:104.48,106.16 2 1
identity/domain/types.go:106.16,108.3 1 1
identity/domain/types.go:110.2,110.37 1 1
identity/domain/types.go:114.40,116.16 2 1
identity/domain/types.go:116.16,117.13 1 1
identity/domain/types.go:120.2,120.17 1 1
identity/domain/types.go:124.49,126.2 1 1
identity/domain/types.go:129.43,129.68 1 1
identity/domain/types.go:132.56,134.2 1 0
identity/domain/types.go:136.73,138.2 1 0
identity/domain/types.go:146.44,148.16 2 1
identity/domain/types.go:148.16,150.3 1 1
identity/domain/types.go:152.2,152.35 1 1
identity/domain/types.go:156.36,158.16 2 1
identity/domain/types.go:158.16,159.13 1 1
identity/domain/types.go:162.2,162.15 1 1
identity/domain/types.go:166.45,168.2 1 1
identity/domain/types.go:171.39,171.62 1 1
identity/domain/types.go:174.52,176.2 1 0
identity/domain/types.go:178.69,180.2 1 0
identity/domain/types.go:188.46,190.16 2 1
identity/domain/types.go:190.16,192.3 1 1
identity/domain/types.go:194.2,194.36 1 1
identity/domain/types.go:198.38,200.16 2 1
identity/domain/types.go:200.16,201.13 1 1
identity/domain/types.go:204.2,204.16 1 1
identity/domain/types.go:208.47,210.2 1 1
identity/domain/types.go:213.41,213.65 1 1
identity/domain/types.go:216.54,218.2 1 0
identity/domain/types.go:220.71,222.2 1 0
identity/domain/types.go:230.46,232.16 2 1
identity/domain/types.go:232.16,234.3 1 1
identity/domain/types.go:236.2,236.36 1 1
identity/domain/types.go:240.38,242.16 2 1
identity/domain/types.go:242.16,243.13 1 1
identity/domain/types.go:246.2,246.16 1 1
identity/domain/types.go:250.47,252.2 1 1
identity/domain/types.go:255.41,255.65 1 1
identity/domain/types.go:258.54,260.2 1 0
identity/domain/types.go:262.71,264.2 1 0
identity/domain/types.go:272.44,274.16 2 1
identity/domain/types.go:274.16,276.3 1 1
identity/domain/types.go:278.2,278.35 1 1
identity/domain/types.go:282.36,284.16 2 1
identity/domain/types.go:284.16,285.13 1 1
identity/domain/types.go:288.2,288.15 1 1
identity/domain/types.go:292.45,294.2 1 1
identity/domain/types.go:297.39,297.62 1 1
identity/domain/types.go:300.52,302.2 1 0
identity/domain/types.go:304.69,306.2 1 0
identity/domain/types.go:314.52,316.16 2 1
identity/domain/types.go:316.16,318.3 1 1
identity/domain/types.go:320.2,320.34 1 1
identity/domain/types.go:324.44,326.16 2 1
identity/domain/types.go:326.16,327.13 1 1
identity/domain/types.go:330.2,330.13 1 1
identity/domain/types.go:334.50,334.80 1 0
identity/domain/types.go:337.60,339.2 1 0
identity/domain/types.go:341.77,343.2 1 0
identity/domain/types.go:351.46,353.16 2 1
identity/domain/types.go:353.16,355.3 1 1
identity/domain/types.go:357.2,357.31 1 1
identity/domain/types.go:361.38,363.16 2 1
identity/domain/types.go:363.16,364.13 1 1
identity/domain/types.go:367.2,367.13 1 1
identity/domain/types.go:371.54,373.2 1 0
identity/domain/types.go:375.71,377.2 1 0
identity/domain/types.go:385.58,387.16 2 1
identity/domain/types.go:387.16,389.3 1 1
identity/domain/types.go:391.2,391.37 1 1
identity/domain/types.go:395.50,397.16 2 1
identity/domain/types.go:397.16,398.13 1 0
identity/domain/types.go:401.2,401.22 1 1
identity/domain/types.go:405.61,407.2 1 0
identity/domain/types.go:410.67,412.2 1 0
identity/domain/types.go:415.66,417.2 1 0
identity/domain/types.go:419.83,421.2 1 0
identity/domain/types.go:429.52,431.16 2 1
identity/domain/types.go:431.16,433.3 1 1
identity/domain/types.go:435.2,435.34 1 1
identity/domain/types.go:439.44,441.16 2 1
identity/domain/types.go:441.16,442.13 1 0
identity/domain/types.go:445.2,445.10 1 1
identity/domain/types.go:449.55,453.2 2 0
identity/domain/types.go:456.60,458.2 1 0
identity/domain/types.go:460.77,462.2 1 1
identity/domain/types.go:470.50,472.16 2 1
identity/domain/types.go:472.16,474.3 1 1
identity/domain/types.go:476.2,476.33 1 1
identity/domain/types.go:480.42,482.16 2 1
identity/domain/types.go:482.16,483.13 1 0
identity/domain/types.go:486.2,486.10 1 1
identity/domain/types.go:490.53,492.2 1 0
identity/domain/types.go:495.58,497.2 1 0
identity/domain/types.go:499.75,501.2 1 1
identity/domain/types.go:509.50,511.16 2 1
identity/domain/types.go:511.16,513.3 1 1
identity/domain/types.go:515.2,515.33 1 1
identity/domain/types.go:519.42,521.16 2 1
identity/domain/types.go:521.16,522.13 1 0
identity/domain/types.go:525.2,525.10 1 1
identity/domain/types.go:529.53,531.2 1 0
identity/domain/types.go:534.58,536.2 1 0
identity/domain/types.go:538.75,540.2 1 1
identity/domain/types.go:548.48,550.16 2 1
identity/domain/types.go:550.16,552.3 1 1
identity/domain/types.go:554.2,554.32 1 1
identity/domain/types.go:558.40,560.16 2 1
identity/domain/types.go:560.16,561.13 1 1
identity/domain/types.go:564.2,564.17 1 1
identity/domain/types.go:568.56,570.2 1 0
identity/domain/types.go:572.73,574.2 1 0
identity/domain/types.go:582.48,584.16 2 1
identity/domain/types.go:584.16,586.3 1 1
identity/domain/types.go:588.2,588.32 1 1
identity/domain/types.go:592.40,594.16 2 1
identity/domain/types.go:594.16,595.13 1 1
identity/domain/types.go:598.2,598.17 1 1
identity/domain/types.go:602.56,604.2 1 0
identity/domain/types.go:606.73,608.2 1 0
identity/domain/types.go:616.54,618.16 2 1
identity/domain/types.go:618.16,620.3 1 1
identity/domain/types.go:622.2,622.35 1 1
identity/domain/types.go:626.46,628.16 2 1
identity/domain/types.go:628.16,629.13 1 1
identity/domain/types.go:632.2,632.20 1 1
identity/domain/types.go:636.62,638.2 1 0
identity/domain/types.go:640.79,642.2 1 0
identity/domain/types.go:650.42,652.16 2 1
identity/domain/types.go:652.16,654.3 1 1
identity/domain/types.go:656.2,656.29 1 1
identity/domain/types.go:660.34,662.16 2 1
identity/domain/types.go:662.16,663.13 1 1
identity/domain/types.go:666.2,666.14 1 1
identity/domain/types.go:670.50,672.2 1 0
identity/domain/types.go:674.67,676.2 1 0
identity/domain/types.go:684.54,686.16 2 1
identity/domain/types.go:686.16,688.3 1 1
identity/domain/types.go:690.2,690.35 1 1
identity/domain/types.go:694.46,696.16 2 1
identity/domain/types.go:696.16,697.13 1 0
identity/domain/types.go:700.2,700.20 1 1
identity/domain/types.go:704.62,706.2 1 0
identity/domain/types.go:708.79,710.2 1 0
identity/domain/types.go:718.56,720.16 2 1
identity/domain/types.go:720.16,722.3 1 0
identity/domain/types.go:724.2,724.36 1 1
identity/domain/types.go:728.48,730.16 2 1
identity/domain/types.go:730.16,731.13 1 0
identity/domain/types.go:734.2,734.21 1 1
identity/domain/types.go:739.65,743.36 3 1
identity/domain/types.go:743.36,745.3 1 0
identity/domain/types.go:747.2,747.74 1 1
identity/domain/types.go:751.64,753.2 1 0
identity/domain/types.go:755.81,757.2 1 0
identity/domain/types.go:765.64,767.16 2 1
identity/domain/types.go:767.16,769.3 1 1
identity/domain/types.go:771.2,771.40 1 1
identity/domain/types.go:775.56,777.16 2 1
identity/domain/types.go:777.16,778.13 1 0
identity/domain/types.go:781.2,781.10 1 1
identity/domain/types.go:785.72,787.2 1 0
identity/domain/types.go:789.89,791.2 1 1
identity/domain/types.go:799.62,801.16 2 1
identity/domain/types.go:801.16,803.3 1 1
identity/domain/types.go:805.2,805.39 1 1
identity/domain/types.go:809.54,811.16 2 1
identity/domain/types.go:811.16,812.13 1 0
identity/domain/types.go:815.2,815.10 1 1
identity/domain/types.go:819.70,821.2 1 0
identity/domain/types.go:823.87,825.2 1 1
identity/domain/types.go:833.54,835.16 2 0
identity/domain/types.go:835.16,837.3 1 0
identity/domain/types.go:839.2,839.35 1 0
identity/domain/types.go:843.46,845.16 2 0
identity/domain/types.go:845.16,846.13 1 0
identity/domain/types.go:849.2,849.10 1 0
identity/domain/types.go:853.44,853.86 1 0
identity/domain/types.go:856.53,858.2 1 0
identity/domain/types.go:860.70,862.2 1 0
identity/domain/types.go:865.97,873.57 2 0
identity/domain/types.go:873.57,877.3 2 0
identity/domain/types.go:878.2,878.18 1 0
identity/domain/types.go:878.18,880.3 1 0
identity/domain/types.go:882.2,882.20 1 0
identity/domain/types.go:891.50,893.16 2 0
identity/domain/types.go:893.16,895.3 1 0
identity/domain/types.go:897.2,897.33 1 0
identity/domain/types.go:901.42,903.16 2 0
identity/domain/types.go:903.16,904.13 1 0
identity/domain/types.go:907.2,907.10 1 0
identity/domain/types.go:911.51,911.84 1 0
identity/domain/types.go:913.68,915.2 1 0
identity/domain/types.go:923.46,925.16 2 0
identity/domain/types.go:925.16,927.3 1 0
identity/domain/types.go:929.2,929.31 1 0
identity/domain/types.go:933.38,935.16 2 0
identity/domain/types.go:935.16,936.13 1 0
identity/domain/types.go:939.2,939.10 1 0
identity/domain/types.go:943.49,943.82 1 0
identity/domain/types.go:945.66,947.2 1 0
identity/domain/types.go:955.56,957.16 2 0
identity/domain/types.go:957.16,959.3 1 0
identity/domain/types.go:961.2,961.36 1 0
identity/domain/types.go:965.48,967.16 2 0
identity/domain/types.go:967.16,968.13 1 0
identity/domain/types.go:971.2,971.10 1 0
identity/domain/types.go:975.54,975.87 1 0
identity/domain/types.go:977.71,979.2 1 0
identity/domain/types.go:987.52,989.16 2 0
identity/domain/types.go:989.16,991.3 1 0
identity/domain/types.go:993.2,993.34 1 0
identity/domain/types.go:997.44,999.16 2 0
identity/domain/types.go:999.16,1000.13 1 0
identity/domain/types.go:1003.2,1003.10 1 0
identity/domain/types.go:1007.52,1007.85 1 0
identity/domain/types.go:1009.69,1011.2 1 0
identity/domain/types.go:1019.48,1021.16 2 0
identity/domain/types.go:1021.16,1023.3 1 0
identity/domain/types.go:1025.2,1025.32 1 0
identity/domain/types.go:1029.40,1031.16 2 0
identity/domain/types.go:1031.16,1032.13 1 0
identity/domain/types.go:1035.2,1035.10 1 0
identity/domain/types.go:1039.50,1039.83 1 0
identity/domain/types.go:1041.67,1043.2 1 0
identity/domain/types.go:1046.59,1048.26 2 0
identity/domain/types.go:1048.26,1050.3 1 0
identity/domain/types.go:1052.2,1052.30 1 0
identity/main.go:32.30,36.16 3 1
identity/main.go:36.16,38.3 1 1
identity/main.go:40.2,41.16 2 1
identity/main.go:41.16,43.3 1 0
identity/main.go:45.2,46.16 2 1
identity/main.go:46.16,48.3 1 0
identity/main.go:50.2,60.22 4 1
identity/main.go:60.22,62.3 1 1
identity/main.go:64.2,71.16 3 1
identity/main.go:71.16,73.3 1 1
identity/main.go:75.2,75.12 1 0
identity/main.go:78.71,82.16 3 1
identity/main.go:82.16,84.3 1 1
identity/main.go:86.2,86.19 1 1
identity/main.go:89.53,91.16 2 1
identity/main.go:91.16,93.3 1 1
identity/main.go:95.2,95.19 1 1
identity/main.go:98.86,100.16 2 1
identity/main.go:100.16,102.3 1 0
identity/main.go:104.2,105.16 2 1
identity/main.go:105.16,107.3 1 0
identity/main.go:109.2,109.26 1 1
identity/main.go:112.61,114.16 2 1
identity/main.go:114.16,116.3 1 1
identity/main.go:118.2,118.17 1 0
identity/main.go:126.13,135.43 2 0
identity/main.go:135.43,137.4 1 0
identity/main.go:139.2,139.16 1 0
identity/main.go:139.16,145.3 4 0
identity/app/lookup.go:13.84,14.19 1 1
identity/app/lookup.go:14.19,16.3 1 0
identity/app/lookup.go:18.2,18.50 1 1
identity/app/lookup.go:18.50,20.3 1 1
identity/app/lookup.go:22.2,23.16 2 1
identity/app/lookup.go:23.16,25.3 1 0
identity/app/lookup.go:27.2,27.35 1 1
identity/app/lookup.go:31.94,32.19 1 1
identity/app/lookup.go:32.19,34.3 1 0
identity/app/lookup.go:36.2,36.42 1 1
identity/app/lookup.go:36.42,37.36 1 1
identity/app/lookup.go:37.36,39.4 1 1
identity/app/lookup.go:42.2,42.38 1 1
identity/app/lookup.go:46.89,47.42 1 1
identity/app/lookup.go:47.42,48.36 1 1
identity/app/lookup.go:48.36,50.4 1 1
identity/app/lookup.go:53.2,53.38 1 1
identity/app/lookup.go:57.107,58.57 1 1
identity/app/lookup.go:58.57,59.42 1 1
identity/app/lookup.go:59.42,61.4 1 1
identity/app/lookup.go:64.2,64.35 1 1
identity/app/lookup.go:68.101,69.42 1 1
identity/app/lookup.go:69.42,70.36 1 1
identity/app/lookup.go:70.36,72.4 1 1
identity/app/lookup.go:75.2,75.57 1 0
identity/app/lookup.go:75.57,76.42 1 0
identity/app/lookup.go:76.42,78.4 1 0
identity/app/lookup.go:81.2,81.57 1 0
identity/app/lookup.go:85.94,86.43 1 1
identity/app/lookup.go:86.43,88.3 1 1
identity/app/lookup.go:90.2,90.37 1 1
identity/app/lookup.go:94.119,95.38 1 1
identity/app/lookup.go:95.38,96.65 1 1
identity/app/lookup.go:96.65,98.4 1 1
identity/app/lookup.go:101.2,101.42 1 1
identity/app/lookup.go:105.80,106.38 1 1
identity/app/lookup.go:106.38,107.22 1 1
identity/app/lookup.go:107.22,109.4 1 1
identity/app/lookup.go:112.2,112.19 1 1
identity/app/lookup.go:116.84,118.16 2 1
identity/app/lookup.go:118.16,120.3 1 1
identity/app/lookup.go:122.2,122.12 1 1
identity/app/token.go:41.84,77.69 12 0
identity/app/token.go:77.69,81.3 3 0
identity/app/token.go:83.2,83.99 1 0
identity/app/token.go:83.99,89.3 2 0
identity/app/token.go:91.2,91.23 1 0
identity/app/token.go:91.23,94.3 2 0
identity/app/token.go:96.2,96.17 1 0
identity/app/token.go:108.19,120.2 2 1
identity/app/token.go:128.17,143.25 2 0
identity/app/token.go:143.25,147.3 3 0
identity/app/token.go:149.2,149.23 1 0
identity/app/token.go:149.23,155.83 5 0
identity/app/token.go:155.83,157.4 1 0
identity/app/token.go:157.9,159.4 1 0
identity/app/token.go:162.2,162.32 1 0
identity/app/token.go:162.32,164.3 1 0
identity/app/token.go:166.2,166.15 1 0
identity/app/token.go:175.17,191.26 2 0
identity/app/token.go:191.26,193.3 1 0
identity/app/token.go:195.2,195.15 1 0
identity/app/token.go:205.17,217.2 1 0
identity/app/token.go:219.50,220.23 1 0
identity/app/token.go:220.23,222.3 1 0
identity/app/token.go:224.2,224.25 1 0
identity/app/token.go:224.25,226.3 1 0
identity/app/token.go:228.2,228.20 1 0
identity/app/token.go:231.56,232.25 1 0
identity/app/token.go:232.25,234.3 1 0
identity/app/token.go:236.2,236.26 1 0
identity/app/token.go:239.76,240.17 1 0
identity/app/token.go:240.17,242.3 1 0
identity/app/token.go:244.2,244.83 1 0
identity/app/token.go:247.76,250.16 2 0
identity/app/token.go:250.16,252.3 1 0
identity/app/token.go:254.2,254.45 1 0
identity/app/token.go:257.108,261.65 3 1
identity/app/token.go:261.65,262.29 1 1
identity/app/token.go:262.29,263.12 1 1
identity/app/token.go:266.3,266.74 1 1
identity/app/token.go:269.2,269.37 1 1
identity/app/token.go:277.3,278.57 1 1
identity/app/token.go:278.57,279.49 1 1
identity/app/token.go:279.49,282.4 2 1
identity/app/token.go:284.3,284.81 1 1
identity/app/token.go:293.3,294.47 1 1
identity/app/token.go:294.47,295.35 1 0
identity/app/token.go:295.35,298.4 2 0
identity/app/token.go:308.22,315.29 5 1
identity/app/token.go:315.29,317.3 1 1
identity/app/token.go:319.2,319.14 1 1
identity/app/token.go:327.3,328.19 1 1
identity/app/token.go:328.19,330.3 1 0
identity/app/token.go:332.2,334.59 2 1
identity/app/token.go:334.59,336.3 1 1
identity/app/token.go:345.3,346.56 1 1
identity/app/token.go:346.56,348.3 1 1
identity/app/token.go:350.2,351.54 2 1
identity/app/token.go:351.54,353.3 1 0
identity/app/token.go:355.2,355.47 1 1
identity/app/token.go:355.47,357.3 1 1
identity/app/token.go:360.69,363.17 2 1
identity/app/token.go:363.17,365.3 1 0
identity/app/token.go:367.2,367.42 1 1
identity/app/token.go:367.42,369.3 1 1
identity/app/token.go:371.2,371.15 1 1
identity/app/token.go:379.3,380.57 1 1
identity/app/token.go:380.57,381.45 1 1
identity/app/token.go:381.45,382.12 1 0
identity/app/token.go:385.3,385.62 1 1
identity/app/token.go:393.3,394.47 1 1
identity/app/token.go:394.47,395.49 1 1
identity/app/token.go:395.49,397.4 1 1
identity/app/token.go:401.75,402.49 1 1
identity/app/token.go:402.49,403.90 1 1
identity/app/token.go:403.90,405.4 1 1
identity/app/token.go:408.2,408.14 1 0
identity/app/token.go:411.78,412.35 1 1
identity/app/token.go:412.35,413.48 1 1
identity/app/token.go:413.48,415.4 1 1
identity/app/token.go:418.2,418.14 1 0
identity/app/token.go:421.37,422.15 1 1
identity/app/token.go:423.54,424.14 1 1
identity/app/token.go:425.10,426.15 1 1
identity/app/token.go:431.115,433.2 1 1
identity/app/token.go:442.22,444.2 1 1
identity/app/util.go:32.45,37.2 1 1
identity/app/util.go:40.88,47.16 3 1
identity/app/util.go:47.16,48.57 1 0
identity/app/util.go:51.2,51.53 1 1
identity/app/util.go:54.38,55.31 1 1
identity/app/util.go:55.31,57.3 1 0
identity/app/util.go:59.2,60.9 2 1
identity/app/util.go:60.9,61.73 1 0
identity/app/util.go:64.2,64.67 1 1
identity/app/util.go:64.67,64.84 1 1
identity/app/util.go:65.2,65.16 1 1
identity/app/util.go:65.16,66.13 1 0
identity/app/util.go:69.2,69.10 1 1
identity/app/util.go:72.73,74.25 2 0
identity/app/util.go:74.25,76.3 1 0
identity/app/util.go:78.2,78.12 1 0
identity/app/util.go:82.67,87.16 4 1
identity/app/util.go:87.16,88.46 1 0
identity/app/util.go:91.2,91.15 1 1
identity/app/util.go:95.87,96.72 1 1
identity/app/util.go:96.72,98.3 1 1
identity/app/util.go:99.2,99.33 1 1
identity/app/util.go:99.33,101.3 1 1
identity/app/util.go:103.2,104.9 2 1
identity/app/util.go:104.9,106.3 1 0
identity/app/util.go:108.2,108.20 1 1
identity/app/util.go:111.42,113.2 1 1
identity/http/handlers/adapter.go:28.23,32.16 3 1
identity/http/handlers/adapter.go:32.16,33.13 1 0
identity/http/handlers/adapter.go:36.2,44.31 4 1
identity/http/handlers/adapter.go:57.51,59.2 1 1
identity/http/handlers/adapter.go:61.35,63.2 1 0
identity/http/handlers/adapter.go:65.35,67.2 1 1
identity/http/handlers/adapter.go:69.35,71.2 1 0
identity/http/handlers/adapter.go:73.37,75.2 1 0
identity/http/handlers/adapter.go:77.36,82.2 1 0
identity/http/handlers/adapter.go:84.34,89.2 1 0
identity/http/handlers/adapter.go:91.41,96.2 1 1
identity/http/handlers/adapter.go:98.56,99.65 1 1
identity/http/handlers/adapter.go:99.65,99.82 1 1
identity/http/handlers/adapter.go:101.2,101.10 1 1
identity/http/handlers/adapter.go:104.53,109.2 3 1
identity/http/handlers/adapter.go:111.59,112.14 1 1
identity/http/handlers/adapter.go:114.30,115.25 1 1
identity/http/handlers/adapter.go:116.42,117.34 1 0
identity/http/handlers/adapter.go:118.36,119.27 1 0
identity/http/handlers/adapter.go:123.32,124.26 1 0
identity/http/handlers/adapter.go:125.10,126.22 1 0
identity/http/handlers/adapter.go:130.57,131.14 1 1
identity/http/handlers/adapter.go:134.30,135.33 1 1
identity/http/handlers/adapter.go:138.30,139.29 1 0
identity/http/handlers/adapter.go:140.10,141.31 1 0
identity/http/handlers/adapter.go:145.64,152.2 2 1
identity/http/handlers/adapter.go:155.59,156.32 1 1
identity/http/handlers/adapter.go:156.32,158.3 1 1
identity/http/handlers/adapter.go:160.2,160.43 1 1
identity/http/handlers/adapter.go:160.43,162.3 1 1
identity/http/handlers/adapter.go:164.2,165.36 2 1
identity/http/handlers/auth_handler.go:20.77,22.16 2 0
identity/http/handlers/auth_handler.go:22.16,24.3 1 0
identity/http/handlers/auth_handler.go:26.2,30.16 4 0
identity/http/handlers/auth_handler.go:30.16,32.3 1 0
identity/http/handlers/auth_handler.go:34.2,35.16 2 0
identity/http/handlers/auth_handler.go:35.16,37.3 1 0
identity/http/handlers/auth_handler.go:39.2,42.16 3 0
identity/http/handlers/auth_handler.go:42.16,44.3 1 0
identity/http/handlers/auth_handler.go:46.2,47.16 2 0
identity/http/handlers/auth_handler.go:47.16,49.3 1 0
identity/http/handlers/auth_handler.go:51.2,52.16 2 0
identity/http/handlers/auth_handler.go:52.16,54.3 1 0
identity/http/handlers/auth_handler.go:56.2,71.16 4 0
identity/http/handlers/auth_handler.go:71.16,73.3 1 0
identity/http/handlers/auth_handler.go:75.2,75.28 1 0
identity/http/handlers/auth_handler.go:84.104,88.16 3 0
identity/http/handlers/auth_handler.go:88.16,90.3 1 0
identity/http/handlers/auth_handler.go:92.2,93.16 2 0
identity/http/handlers/auth_handler.go:93.16,95.3 1 0
identity/http/handlers/auth_handler.go:97.2,100.16 3 0
identity/http/handlers/auth_handler.go:100.16,102.3 1 0
identity/http/handlers/auth_handler.go:104.2,105.16 2 0
identity/http/handlers/auth_handler.go:105.16,107.3 1 0
identity/http/handlers/auth_handler.go:109.2,110.16 2 0
identity/http/handlers/auth_handler.go:110.16,112.3 1 0
identity/http/handlers/auth_handler.go:114.2,114.90 1 0
identity/http/handlers/auth_handler.go:117.73,118.39 1 0
identity/http/handlers/auth_handler.go:118.39,120.3 1 0
identity/http/handlers/auth_handler.go:122.2,125.16 3 0
identity/http/handlers/auth_handler.go:125.16,127.3 1 0
identity/http/handlers/auth_handler.go:129.2,130.21 2 0
identity/http/handlers/auth_handler.go:130.21,132.3 1 0
identity/http/handlers/auth_handler.go:134.2,135.19 2 0
identity/http/handlers/auth_handler.go:135.19,137.3 1 0
identity/http/handlers/auth_handler.go:139.2,140.19 2 0
identity/http/handlers/auth_handler.go:140.19,142.3 1 0
identity/http/handlers/auth_handler.go:144.2,149.98 2 0
identity/http/handlers/auth_handler.go:149.98,149.115 1 0
identity/http/handlers/auth_handler.go:151.2,152.16 2 0
identity/http/handlers/auth_handler.go:152.16,154.3 1 0
identity/http/handlers/auth_handler.go:156.2,156.107 1 0
identity/http/handlers/auth_handler.go:159.106,161.16 2 0
identity/http/handlers/auth_handler.go:161.16,163.3 1 0
identity/http/handlers/auth_handler.go:165.2,166.16 2 0
identity/http/handlers/auth_handler.go:166.16,168.3 1 0
identity/http/handlers/auth_handler.go:170.2,171.16 2 0
identity/http/handlers/auth_handler.go:171.16,173.3 1 0
identity/http/handlers/auth_handler.go:175.2,175.18 1 0
identity/http/handlers/auth_handler.go:178.105,180.78 2 0
identity/http/handlers/auth_handler.go:180.78,180.95 1 0
identity/http/handlers/auth_handler.go:181.2,183.24 2 0
identity/http/handlers/auth_handler.go:183.24,185.3 1 0
identity/http/handlers/auth_handler.go:187.2,189.32 2 0
identity/http/handlers/auth_handler.go:189.32,192.3 2 0
identity/http/handlers/auth_handler.go:192.8,194.33 2 0
identity/http/handlers/auth_handler.go:194.33,196.4 1 0
identity/http/handlers/auth_handler.go:198.3,199.29 2 0
identity/http/handlers/auth_handler.go:202.2,207.3 1 0
identity/http/handlers/auth_handler.go:231.86,235.16 3 0
identity/http/handlers/auth_handler.go:235.16,237.3 1 0
identity/http/handlers/auth_handler.go:239.2,241.38 2 0
identity/http/handlers/auth_handler.go:241.38,242.87 1 0
identity/http/handlers/auth_handler.go:242.87,242.104 1 0
identity/http/handlers/auth_handler.go:243.3,243.87 1 0
identity/http/handlers/auth_handler.go:243.87,243.104 1 0
identity/http/handlers/auth_handler.go:244.3,244.93 1 0
identity/http/handlers/auth_handler.go:244.93,244.110 1 0
identity/http/handlers/auth_handler.go:246.3,251.5 1 0
identity/http/handlers/auth_handler.go:254.2,254.15 1 0
identity/http/handlers/auth_handler.go:257.98,258.19 1 1
identity/http/handlers/auth_handler.go:258.19,260.3 1 0
identity/http/handlers/auth_handler.go:262.2,265.40 3 1
identity/http/handlers/auth_handler.go:265.40,268.3 2 1
identity/http/handlers/auth_handler.go:270.2,270.15 1 1
identity/http/handlers/auth_handler.go:273.98,276.42 2 1
identity/http/handlers/auth_handler.go:276.42,278.3 1 1
identity/http/handlers/auth_handler.go:280.2,282.59 2 1
identity/http/handlers/auth_handler.go:282.59,283.42 1 1
identity/http/handlers/auth_handler.go:283.42,284.12 1 1
identity/http/handlers/auth_handler.go:287.3,287.43 1 1
identity/http/handlers/auth_handler.go:290.2,290.17 1 1
identity/http/handlers/auth_handler.go:293.103,296.47 2 1
identity/http/handlers/auth_handler.go:296.47,297.80 1 1
identity/http/handlers/auth_handler.go:297.80,297.97 1 1
identity/http/handlers/auth_handler.go:298.3,298.53 1 1
identity/http/handlers/auth_handler.go:302.73,303.57 1 1
identity/http/handlers/auth_handler.go:303.57,304.39 1 1
identity/http/handlers/auth_handler.go:304.39,305.91 1 1
identity/http/handlers/auth_handler.go:305.91,305.108 1 1
identity/http/handlers/auth_handler.go:307.4,307.18 1 1
identity/http/handlers/auth_handler.go:311.2,311.76 1 1
identity/http/handlers/auth_handler.go:311.76,311.93 1 1
identity/http/handlers/auth_handler.go:313.2,313.17 1 1
identity/http/handlers/config_handler.go:21.74,24.9 2 1
identity/http/handlers/config_handler.go:25.29,26.48 1 1
identity/http/handlers/config_handler.go:27.78,28.54 1 1
identity/http/handlers/config_handler.go:29.74,30.50 1 1
identity/http/handlers/config_handler.go:31.81,32.57 1 1
identity/http/handlers/config_handler.go:33.10,34.47 1 0
identity/http/handlers/config_handler.go:38.61,45.2 1 1
identity/http/handlers/config_handler.go:47.78,49.16 2 1
identity/http/handlers/config_handler.go:49.16,51.3 1 0
identity/http/handlers/config_handler.go:53.2,54.16 2 1
identity/http/handlers/config_handler.go:54.16,56.3 1 0
identity/http/handlers/config_handler.go:58.2,59.16 2 1
identity/http/handlers/config_handler.go:59.16,61.3 1 0
identity/http/handlers/config_handler.go:63.2,74.3 3 1
identity/http/handlers/config_handler.go:77.74,79.16 2 1
identity/http/handlers/config_handler.go:79.16,81.3 1 0
identity/http/handlers/config_handler.go:83.2,84.16 2 1
identity/http/handlers/config_handler.go:84.16,86.3 1 0
identity/http/handlers/config_handler.go:88.2,89.16 2 1
identity/http/handlers/config_handler.go:89.16,91.3 1 0
identity/http/handlers/config_handler.go:93.2,109.3 4 1
identity/http/handlers/config_handler.go:112.81,114.16 2 1
identity/http/handlers/config_handler.go:114.16,116.3 1 0
identity/http/handlers/config_handler.go:118.2,119.16 2 1
identity/http/handlers/config_handler.go:119.16,121.3 1 0
identity/http/handlers/config_handler.go:123.2,124.16 2 1
identity/http/handlers/config_handler.go:124.16,126.3 1 0
identity/http/handlers/config_handler.go:128.2,133.34 2 1
identity/http/handlers/config_handler.go:133.34,135.3 1 1
identity/http/handlers/config_handler.go:137.2,144.3 2 1
identity/http/handlers/config_handler.go:147.101,151.30 3 1
identity/http/handlers/config_handler.go:151.30,153.3 1 0
identity/http/handlers/config_handler.go:155.2,159.16 4 1
identity/http/handlers/config_handler.go:159.16,161.3 1 1
identity/http/handlers/config_handler.go:163.2,164.16 2 1
identity/http/handlers/config_handler.go:164.16,166.3 1 1
identity/http/handlers/config_handler.go:168.2,168.83 1 1
identity/http/handlers/discovery_handler.go:12.77,14.23 2 0
identity/http/handlers/discovery_handler.go:14.23,16.3 1 0
identity/http/handlers/discovery_handler.go:18.2,21.16 3 0
identity/http/handlers/discovery_handler.go:21.16,23.3 1 0
identity/http/handlers/discovery_handler.go:25.2,29.10 4 0
identity/http/handlers/discovery_handler.go:29.10,31.3 1 0
identity/http/handlers/discovery_handler.go:33.2,34.11 2 0
identity/http/handlers/discovery_handler.go:34.11,36.3 1 0
identity/http/handlers/discovery_handler.go:38.2,39.16 2 0
identity/http/handlers/discovery_handler.go:39.16,41.3 1 0
identity/http/handlers/discovery_handler.go:43.2,43.21 1 0
identity/http/handlers/discovery_handler.go:46.66,61.16 3 0
identity/http/handlers/discovery_handler.go:61.16,63.3 1 0
identity/http/handlers/discovery_handler.go:65.2,65.21 1 0
identity/http/handlers/discovery_handler.go:68.66,82.16 3 0
identity/http/handlers/discovery_handler.go:82.16,84.3 1 0
identity/http/handlers/discovery_handler.go:86.2,86.21 1 0
identity/http/handlers/discovery_handler.go:89.78,125.2 1 0
identity/http/handlers/exports.go:12.70,14.2 1 0
identity/http/handlers/exports.go:17.69,19.2 1 0
identity/http/handlers/exports.go:22.73,24.2 1 0
identity/http/handlers/exports.go:27.69,29.2 1 0
identity/http/handlers/exports.go:32.69,34.2 1 0
identity/http/handlers/exports.go:37.73,39.2 1 0
identity/http/handlers/exports.go:42.68,44.2 1 0
identity/http/handlers/exports.go:47.72,49.2 1 0
identity/http/handlers/index_handler.go:11.73,12.58 1 0
identity/http/handlers/index_handler.go:12.58,14.3 1 0
identity/http/handlers/index_handler.go:16.2,16.53 1 0
identity/http/handlers/index_handler.go:16.53,18.3 1 0
identity/http/handlers/index_handler.go:20.2,20.29 1 0
identity/http/handlers/index_handler.go:20.29,22.3 1 0
identity/http/handlers/index_handler.go:24.2,27.16 3 0
identity/http/handlers/index_handler.go:27.16,29.3 1 0
identity/http/handlers/index_handler.go:31.2,31.28 1 0
identity/http/handlers/index_handler.go:34.58,36.2 1 0
identity/http/handlers/jwt_parse.go:28.86,30.16 2 0
identity/http/handlers/jwt_parse.go:30.16,32.3 1 0
identity/http/handlers/jwt_parse.go:34.2,40.8 1 0
identity/http/handlers/jwt_parse.go:43.101,45.16 2 0
identity/http/handlers/jwt_parse.go:45.16,47.3 1 0
identity/http/handlers/jwt_parse.go:49.2,53.8 1 0
identity/http/handlers/jwt_parse.go:56.56,58.9 2 0
identity/http/handlers/jwt_parse.go:58.9,60.3 1 0
identity/http/handlers/jwt_parse.go:62.2,62.14 1 0
identity/http/handlers/parse.go:13.61,14.30 1 0
identity/http/handlers/parse.go:14.30,15.30 1 0
identity/http/handlers/parse.go:15.30,16.39 1 0
identity/http/handlers/parse.go:16.39,18.5 1 0
identity/http/handlers/parse.go:22.2,22.12 1 0
identity/http/handlers/parse.go:25.52,26.61 1 0
identity/http/handlers/parse.go:26.61,28.3 1 0
identity/http/handlers/parse.go:30.2,31.32 2 0
identity/http/handlers/parse.go:31.32,34.16 2 0
identity/http/handlers/parse.go:36.75,37.21 1 0
identity/http/handlers/parse.go:38.11,39.16 1 0
identity/http/handlers/parse.go:43.2,43.19 1 0
identity/http/handlers/parse.go:46.51,48.73 2 1
identity/http/handlers/parse.go:48.73,50.3 1 1
identity/http/handlers/parse.go:52.2,52.38 1 1
identity/http/handlers/test_token_handler.go:15.77,21.25 5 1
identity/http/handlers/test_token_handler.go:21.25,23.3 1 1
identity/http/handlers/test_token_handler.go:25.2,39.51 3 1
identity/http/handlers/test_token_handler.go:42.78,46.82 3 1
identity/http/handlers/test_token_handler.go:46.82,48.3 1 1
identity/http/handlers/test_token_handler.go:50.2,50.15 1 1
identity/http/handlers/test_token_handler.go:53.109,55.18 2 1
identity/http/handlers/test_token_handler.go:55.18,57.3 1 1
identity/http/handlers/test_token_handler.go:59.2,60.16 2 1
identity/http/handlers/test_token_handler.go:60.16,62.3 1 0
identity/http/handlers/test_token_handler.go:64.2,64.12 1 1
identity/http/handlers/test_token_handler.go:67.78,68.82 1 1
identity/http/handlers/test_token_handler.go:68.82,70.3 1 0
identity/http/handlers/test_token_handler.go:72.2,73.35 2 1
identity/http/handlers/test_token_handler.go:73.35,75.3 1 1
identity/http/handlers/test_token_handler.go:77.2,79.11 2 0
identity/http/handlers/test_token_handler.go:82.79,84.16 2 0
identity/http/handlers/test_token_handler.go:84.16,88.3 2 0
identity/http/handlers/test_token_handler.go:90.2,91.16 2 0
identity/http/handlers/test_token_handler.go:91.16,95.3 2 0
identity/http/handlers/test_token_handler.go:97.2,97.15 1 0
identity/http/handlers/test_token_handler.go:100.75,101.28 1 1
identity/http/handlers/test_token_handler.go:101.28,103.3 1 1
identity/http/handlers/test_token_handler.go:105.2,106.16 2 1
identity/http/handlers/test_token_handler.go:106.16,108.3 1 0
identity/http/handlers/test_token_handler.go:110.2,110.38 1 1
identity/http/handlers/test_token_handler.go:110.38,111.31 1 1
identity/http/handlers/test_token_handler.go:111.31,113.4 1 1
identity/http/handlers/test_token_handler.go:116.2,116.35 1 1
identity/http/handlers/test_token_handler.go:119.61,121.33 2 1
identity/http/handlers/test_token_handler.go:121.33,123.3 1 1
identity/http/handlers/test_token_handler.go:125.2,125.12 1 0
identity/http/handlers/token_handler.go:14.73,16.16 2 0
identity/http/handlers/token_handler.go:16.16,18.3 1 0
identity/http/handlers/token_handler.go:20.2,21.21 2 0
identity/http/handlers/token_handler.go:21.21,23.3 1 0
identity/http/handlers/token_handler.go:25.2,26.19 2 0
identity/http/handlers/token_handler.go:26.19,28.3 1 0
identity/http/handlers/token_handler.go:30.2,30.68 1 0
identity/http/handlers/token_handler.go:33.104,39.16 5 0
identity/http/handlers/token_handler.go:39.16,41.3 1 0
identity/http/handlers/token_handler.go:43.2,44.19 2 0
identity/http/handlers/token_handler.go:44.19,46.3 1 0
identity/http/handlers/token_handler.go:48.2,60.15 2 0
identity/http/handlers/token_handler.go:61.46,62.52 1 0
identity/http/handlers/token_handler.go:63.37,64.61 1 0
identity/http/handlers/token_handler.go:65.37,66.65 1 0
identity/http/handlers/token_handler.go:67.32,68.69 1 0
identity/http/handlers/token_handler.go:69.10,70.108 1 0
identity/http/handlers/token_handler.go:74.67,75.13 1 0
identity/http/handlers/token_handler.go:76.18,77.35 1 0
identity/http/handlers/token_handler.go:78.14,79.31 1 0
identity/http/handlers/token_handler.go:80.28,81.44 1 0
identity/http/handlers/token_handler.go:82.28,83.44 1 0
identity/http/handlers/token_handler.go:84.23,85.39 1 0
identity/http/handlers/token_handler.go:86.10,87.97 1 0
identity/http/handlers/token_handler.go:93.38,98.16 4 0
identity/http/handlers/token_handler.go:98.16,100.3 1 0
identity/http/handlers/token_handler.go:102.2,105.18 3 0
identity/http/handlers/token_handler.go:110.38,114.16 3 0
identity/http/handlers/token_handler.go:114.16,116.3 1 0
identity/http/handlers/token_handler.go:118.2,119.16 2 0
identity/http/handlers/token_handler.go:119.16,121.3 1 0
identity/http/handlers/token_handler.go:123.2,126.21 3 0
identity/http/handlers/token_handler.go:126.21,128.17 2 0
identity/http/handlers/token_handler.go:128.17,130.4 1 0
identity/http/handlers/token_handler.go:132.3,132.14 1 0
identity/http/handlers/token_handler.go:135.2,136.16 2 0
identity/http/handlers/token_handler.go:136.16,138.3 1 0
identity/http/handlers/token_handler.go:140.2,142.18 2 0
identity/http/handlers/token_handler.go:147.38,149.21 2 0
identity/http/handlers/token_handler.go:149.21,151.3 1 0
identity/http/handlers/token_handler.go:153.2,154.80 2 0
identity/http/handlers/token_handler.go:154.80,156.3 1 0
identity/http/handlers/token_handler.go:158.2,158.30 1 0
identity/http/handlers/token_handler.go:158.30,160.3 1 0
identity/http/handlers/token_handler.go:162.2,167.60 5 0
identity/http/handlers/token_handler.go:167.60,169.3 1 0
identity/http/handlers/token_handler.go:171.2,171.18 1 0
identity/http/handlers/token_handler.go:176.38,178.21 2 0
identity/http/handlers/token_handler.go:178.21,180.3 1 0
identity/http/handlers/token_handler.go:182.2,182.30 1 0
identity/http/handlers/token_handler.go:182.30,184.3 1 0
identity/http/handlers/token_handler.go:186.2,190.60 4 0
identity/http/handlers/token_handler.go:190.60,192.3 1 0
identity/http/handlers/token_handler.go:194.2,194.18 1 0
identity/http/handlers/token_handler.go:197.99,199.16 2 1
identity/http/handlers/token_handler.go:199.16,201.3 1 0
identity/http/handlers/token_handler.go:203.2,204.19 2 1
identity/http/handlers/token_handler.go:204.19,206.3 1 0
identity/http/handlers/token_handler.go:208.2,210.32 2 1
identity/http/handlers/token_handler.go:210.32,212.17 2 1
identity/http/handlers/token_handler.go:212.17,214.4 1 0
identity/http/handlers/token_handler.go:216.3,216.14 1 1
identity/http/handlers/token_handler.go:219.2,220.16 2 1
identity/http/handlers/token_handler.go:220.16,222.3 1 1
identity/http/handlers/token_handler.go:224.2,224.15 1 1
identity/http/handlers/token_handler.go:227.89,229.16 2 1
identity/http/handlers/token_handler.go:229.16,231.3 1 1
identity/http/handlers/token_handler.go:233.2,233.15 1 1
identity/http/handlers/token_handler.go:236.47,237.27 1 1
identity/http/handlers/token_handler.go:237.27,239.3 1 1
identity/http/handlers/token_handler.go:241.2,241.17 1 1
identity/http/handlers/token_handler.go:244.66,252.29 2 0
identity/http/handlers/token_handler.go:252.29,254.3 1 0
identity/http/handlers/token_handler.go:256.2,256.34 1 0
identity/http/handlers/token_handler.go:256.34,258.3 1 0
identity/http/handlers/token_handler.go:260.2,260.32 1 0
identity/http/handlers/token_handler.go:260.32,262.3 1 0
identity/http/handlers/token_handler.go:264.2,265.16 2 0
identity/http/handlers/token_handler.go:265.16,267.3 1 0
identity/http/handlers/token_handler.go:269.2,277.3 1 0
identity/http/handlers/token_handler.go:280.50,282.28 2 1
identity/http/handlers/token_handler.go:282.28,284.3 1 1
identity/http/handlers/token_handler.go:286.2,286.28 1 1
