mode: set
identity/handlers.go:19.45,20.71 1 1
identity/handlers.go:20.71,23.31 3 1
identity/handlers.go:23.31,24.58 1 1
identity/handlers.go:24.58,26.5 1 1
identity/handlers.go:27.4,27.10 1 1
identity/handlers.go:29.3,29.66 1 0
identity/handlers.go:33.53,35.2 1 1
identity/handlers.go:37.52,38.23 1 1
identity/handlers.go:38.23,41.3 2 1
identity/handlers.go:42.2,42.61 1 1
identity/handlers.go:42.61,45.3 2 1
identity/handlers.go:48.57,49.71 1 1
identity/handlers.go:49.71,53.3 2 1
identity/handlers.go:56.53,57.71 1 1
identity/handlers.go:57.71,63.37 5 1
identity/handlers.go:63.37,66.4 2 1
identity/handlers.go:68.3,68.23 1 1
identity/handlers.go:72.73,73.23 1 1
identity/handlers.go:73.23,76.3 2 1
identity/handlers.go:77.2,77.27 1 1
identity/handlers.go:77.27,79.3 1 1
identity/handlers.go:80.2,80.38 1 1
identity/handlers.go:80.38,81.29 1 1
identity/handlers.go:81.29,83.4 1 1
identity/handlers.go:85.2,86.14 2 1
identity/handlers.go:89.41,91.66 2 1
identity/handlers.go:91.66,93.3 1 1
identity/handlers.go:94.2,94.47 1 1
identity/handlers.go:97.56,99.18 2 1
identity/handlers.go:99.18,101.3 1 1
identity/handlers.go:103.2,107.10 4 1
identity/handlers.go:107.10,109.3 1 1
identity/handlers.go:111.2,115.11 4 1
identity/handlers.go:115.11,118.3 1 1
identity/handlers.go:120.2,154.56 4 1
identity/handlers.go:154.56,156.3 1 0
identity/handlers.go:159.55,176.56 5 1
identity/handlers.go:176.56,178.3 1 0
identity/handlers.go:181.102,183.25 2 1
identity/handlers.go:183.25,185.3 1 1
identity/handlers.go:187.2,198.17 5 1
identity/handlers.go:198.17,200.3 1 0
identity/handlers.go:203.52,204.38 1 1
identity/handlers.go:204.38,207.3 2 0
identity/handlers.go:210.2,210.34 1 1
identity/handlers.go:210.34,211.28 1 1
identity/handlers.go:211.28,212.21 1 1
identity/handlers.go:212.21,215.5 2 1
identity/handlers.go:219.2,228.20 8 1
identity/handlers.go:228.20,230.92 2 1
identity/handlers.go:230.92,232.4 1 1
identity/handlers.go:234.2,240.11 6 1
identity/handlers.go:240.11,243.3 2 1
identity/handlers.go:246.2,256.26 8 1
identity/handlers.go:256.26,257.39 1 1
identity/handlers.go:257.39,258.52 1 1
identity/handlers.go:258.52,260.10 2 1
identity/handlers.go:265.2,265.29 1 1
identity/handlers.go:265.29,266.21 1 1
identity/handlers.go:266.21,269.4 2 1
identity/handlers.go:270.3,270.40 1 1
identity/handlers.go:270.40,271.117 1 1
identity/handlers.go:271.117,273.10 2 1
identity/handlers.go:276.3,276.24 1 1
identity/handlers.go:276.24,279.4 2 1
identity/handlers.go:281.3,281.175 1 1
identity/handlers.go:281.175,284.4 2 1
identity/handlers.go:285.8,285.46 1 1
identity/handlers.go:285.46,286.26 1 1
identity/handlers.go:286.26,289.4 2 1
identity/handlers.go:291.3,291.130 1 1
identity/handlers.go:291.130,294.4 2 0
identity/handlers.go:295.8,295.46 1 1
identity/handlers.go:295.46,297.69 2 1
identity/handlers.go:297.69,299.4 1 1
identity/handlers.go:300.3,300.29 1 1
identity/handlers.go:300.29,303.4 2 0
identity/handlers.go:304.3,305.10 2 1
identity/handlers.go:305.10,308.4 2 0
identity/handlers.go:309.3,309.104 1 1
identity/handlers.go:309.104,312.4 2 1
identity/handlers.go:313.3,314.27 2 1
identity/handlers.go:314.27,316.4 1 1
identity/handlers.go:317.3,317.18 1 1
identity/handlers.go:317.18,318.45 1 1
identity/handlers.go:318.45,320.5 1 1
identity/handlers.go:322.3,322.44 1 1
identity/handlers.go:322.44,324.4 1 0
identity/handlers.go:326.3,326.37 1 1
identity/handlers.go:326.37,327.48 1 1
identity/handlers.go:327.48,329.10 2 0
identity/handlers.go:332.8,332.41 1 1
identity/handlers.go:332.41,334.77 2 1
identity/handlers.go:334.77,336.4 1 1
identity/handlers.go:337.3,337.29 1 1
identity/handlers.go:337.29,340.4 2 0
identity/handlers.go:341.3,342.40 2 1
identity/handlers.go:342.40,345.4 2 0
identity/handlers.go:346.3,347.27 2 1
identity/handlers.go:347.27,349.4 1 1
identity/handlers.go:350.3,350.18 1 1
identity/handlers.go:350.18,351.45 1 1
identity/handlers.go:351.45,353.5 1 0
identity/handlers.go:356.3,356.37 1 1
identity/handlers.go:356.37,357.48 1 1
identity/handlers.go:357.48,359.10 2 0
identity/handlers.go:363.3,363.24 1 1
identity/handlers.go:363.24,364.40 1 1
identity/handlers.go:364.40,365.57 1 1
identity/handlers.go:365.57,367.11 2 1
identity/handlers.go:371.8,374.3 2 1
identity/handlers.go:376.2,376.23 1 1
identity/handlers.go:376.23,380.3 3 1
identity/handlers.go:382.2,399.25 5 1
identity/handlers.go:399.25,404.3 3 1
identity/handlers.go:406.2,406.23 1 1
identity/handlers.go:406.23,412.114 5 1
identity/handlers.go:412.114,414.4 1 0
identity/handlers.go:414.9,417.4 1 1
identity/handlers.go:420.2,422.17 2 1
identity/handlers.go:422.17,424.3 1 0
identity/handlers.go:426.2,429.16 4 1
identity/handlers.go:429.16,432.3 2 0
identity/handlers.go:434.2,445.40 5 1
identity/handlers.go:445.40,446.20 1 1
identity/handlers.go:446.20,448.4 1 1
identity/handlers.go:449.3,449.28 1 1
identity/handlers.go:449.28,451.4 1 1
identity/handlers.go:454.2,454.36 1 1
identity/handlers.go:454.36,469.18 2 1
identity/handlers.go:469.18,471.4 1 0
identity/handlers.go:472.3,475.39 4 1
identity/handlers.go:479.2,479.54 1 1
identity/handlers.go:479.54,495.3 5 1
identity/handlers.go:497.2,498.25 2 1
identity/handlers.go:498.25,500.3 1 1
identity/handlers.go:502.2,505.23 4 1
identity/handlers.go:505.23,512.3 3 1
identity/handlers.go:513.2,514.45 2 1
identity/handlers.go:514.45,516.3 1 0
identity/handlers.go:519.51,536.56 5 1
identity/handlers.go:536.56,538.3 1 0
identity/handlers.go:541.56,543.41 1 1
identity/handlers.go:543.41,544.28 1 1
identity/handlers.go:544.28,545.21 1 1
identity/handlers.go:545.21,548.5 2 1
identity/handlers.go:552.2,562.117 10 1
identity/handlers.go:562.117,564.3 1 1
identity/handlers.go:566.2,569.41 4 1
identity/handlers.go:569.41,570.29 1 1
identity/handlers.go:570.29,573.9 3 1
identity/handlers.go:576.2,576.12 1 1
identity/handlers.go:576.12,577.53 1 1
identity/handlers.go:577.53,578.32 1 1
identity/handlers.go:578.32,581.10 3 1
identity/handlers.go:585.2,585.12 1 1
identity/handlers.go:585.12,588.3 2 1
identity/handlers.go:590.2,590.52 1 1
identity/handlers.go:590.52,593.3 2 1
identity/handlers.go:596.2,597.25 2 1
identity/handlers.go:597.25,600.42 2 1
identity/handlers.go:600.42,601.30 1 1
identity/handlers.go:601.30,603.10 2 1
identity/handlers.go:607.3,607.40 1 1
identity/handlers.go:607.40,609.28 2 1
identity/handlers.go:609.28,612.36 2 1
identity/handlers.go:612.36,613.61 1 1
identity/handlers.go:613.61,614.33 1 1
identity/handlers.go:614.33,616.8 1 1
identity/handlers.go:620.5,620.40 1 1
identity/handlers.go:620.40,623.56 2 1
identity/handlers.go:623.56,624.32 1 0
identity/handlers.go:624.32,626.13 2 0
identity/handlers.go:629.6,629.108 1 1
identity/handlers.go:633.4,638.6 1 1
identity/handlers.go:642.2,654.55 2 1
identity/handlers.go:654.55,657.3 2 0
identity/handlers.go:660.52,661.33 1 1
identity/handlers.go:661.33,664.3 2 1
identity/handlers.go:666.2,666.38 1 1
identity/handlers.go:666.38,669.3 2 0
identity/handlers.go:672.2,672.34 1 1
identity/handlers.go:672.34,673.28 1 1
identity/handlers.go:673.28,674.21 1 1
identity/handlers.go:674.21,677.5 2 0
identity/handlers.go:681.2,697.25 14 1
identity/handlers.go:697.25,698.40 1 1
identity/handlers.go:698.40,699.103 1 1
identity/handlers.go:699.103,701.10 2 1
identity/handlers.go:704.3,705.42 2 1
identity/handlers.go:705.42,706.25 1 1
identity/handlers.go:706.25,709.10 3 1
identity/handlers.go:712.3,712.19 1 1
identity/handlers.go:712.19,713.54 1 1
identity/handlers.go:713.54,714.28 1 1
identity/handlers.go:714.28,717.11 3 0
identity/handlers.go:723.2,723.18 1 1
identity/handlers.go:723.18,726.3 2 1
identity/handlers.go:728.2,728.52 1 1
identity/handlers.go:728.52,731.3 2 0
identity/handlers.go:733.2,733.30 1 1
identity/handlers.go:733.30,736.3 2 1
identity/handlers.go:739.2,750.16 4 1
identity/handlers.go:750.16,753.3 2 0
identity/handlers.go:756.2,757.16 2 1
identity/handlers.go:757.16,760.3 2 0
identity/handlers.go:762.2,764.17 3 1
identity/handlers.go:764.17,766.3 1 0
identity/handlers.go:768.2,769.32 2 1
identity/handlers.go:769.32,772.3 2 1
identity/handlers.go:772.8,774.28 2 1
identity/handlers.go:774.28,776.4 1 1
identity/handlers.go:777.3,778.37 2 1
identity/handlers.go:781.2,782.57 2 1
identity/logic.go:15.26,17.16 2 1
identity/logic.go:17.16,20.3 2 1
identity/logic.go:23.2,23.45 1 1
identity/logic.go:23.45,26.3 2 1
identity/logic.go:28.2,30.16 3 1
identity/logic.go:30.16,33.3 2 0
identity/logic.go:34.2,34.15 1 1
identity/logic.go:37.44,40.55 2 1
identity/logic.go:40.55,42.3 1 0
identity/logic.go:45.2,46.16 2 1
identity/logic.go:46.16,48.3 1 0
identity/logic.go:50.2,55.16 4 1
identity/logic.go:55.16,57.3 1 0
identity/logic.go:59.2,59.21 1 1
identity/logic.go:59.21,61.40 2 1
identity/logic.go:61.40,63.4 1 1
identity/logic.go:64.3,64.55 1 1
identity/logic.go:67.2,67.12 1 1
identity/logic.go:70.58,71.30 1 1
identity/logic.go:71.30,73.3 1 1
identity/logic.go:74.2,74.44 1 1
identity/logic.go:74.44,76.3 1 1
identity/logic.go:77.2,77.32 1 1
identity/logic.go:77.32,78.54 1 1
identity/logic.go:78.54,80.4 1 0
identity/logic.go:82.2,82.27 1 1
identity/logic.go:85.78,89.17 3 1
identity/logic.go:89.17,91.3 1 1
identity/logic.go:93.2,94.36 2 1
identity/logic.go:94.36,95.79 1 1
identity/logic.go:95.79,96.12 1 1
identity/logic.go:98.3,98.47 1 1
identity/logic.go:98.47,100.145 1 1
identity/logic.go:100.145,103.5 2 1
identity/logic.go:105.4,105.38 1 1
identity/logic.go:105.38,106.36 1 1
identity/logic.go:106.36,107.61 1 1
identity/logic.go:107.61,110.7 2 1
identity/logic.go:115.2,115.37 1 1
identity/logic.go:118.128,121.17 3 1
identity/logic.go:121.17,122.33 1 1
identity/logic.go:122.33,124.4 1 1
identity/logic.go:128.2,128.19 1 1
identity/logic.go:128.19,129.51 1 1
identity/logic.go:129.51,131.49 1 1
identity/logic.go:131.49,132.13 1 1
identity/logic.go:135.4,135.48 1 1
identity/logic.go:135.48,137.83 1 1
identity/logic.go:137.83,138.14 1 1
identity/logic.go:140.5,140.39 1 1
identity/logic.go:140.39,142.6 1 1
identity/logic.go:148.2,148.46 1 1
identity/logic.go:148.46,149.43 1 1
identity/logic.go:149.43,150.12 1 1
identity/logic.go:152.3,152.37 1 1
identity/logic.go:152.37,153.38 1 1
identity/logic.go:153.38,154.81 1 1
identity/logic.go:154.81,155.14 1 0
identity/logic.go:157.5,157.36 1 1
identity/logic.go:157.36,158.61 1 1
identity/logic.go:158.61,160.7 1 1
identity/logic.go:166.2,167.31 2 1
identity/logic.go:167.31,169.3 1 1
identity/logic.go:170.2,170.14 1 1
identity/logic.go:173.42,175.2 1 1
identity/main.go:18.13,22.19 3 0
identity/main.go:22.19,24.3 1 0
identity/main.go:26.2,31.102 4 0
identity/main.go:31.102,33.3 1 0
identity/main.go:36.36,38.16 2 1
identity/main.go:38.16,41.3 2 1
identity/main.go:43.2,44.18 2 1
identity/main.go:44.18,47.3 2 1
identity/main.go:49.2,50.16 2 1
identity/main.go:50.16,52.17 2 1
identity/main.go:52.17,55.4 2 0
identity/main.go:56.8,59.10 3 1
identity/main.go:59.10,62.4 2 0
identity/main.go:65.2,68.16 3 1
identity/main.go:68.16,70.3 1 0
identity/main.go:72.2,73.16 2 1
identity/main.go:73.16,75.3 1 0
identity/main.go:78.35,119.2 30 1
